2021-01-06 21:30:09.198 [main] INFO  com.mk.blog.MkBlogApplication - Starting MkBlogApplication using Java 1.8.0_271 on LAPTOP-FRDD7UM6 with PID 11736 (D:\WorkSpace\Idea\blog\mk-blog-web\target\classes started by MK in D:\WorkSpace\Idea\blog)
2021-01-06 21:30:09.204 [main] INFO  com.mk.blog.MkBlogApplication - The following profiles are active: dev
2021-01-06 21:30:10.870 [main] INFO  o.s.d.r.c.RepositoryConfigurationDelegate - Multiple Spring Data modules found, entering strict repository configuration mode!
2021-01-06 21:30:10.877 [main] INFO  o.s.d.r.c.RepositoryConfigurationDelegate - Bootstrapping Spring Data Redis repositories in DEFAULT mode.
2021-01-06 21:30:10.928 [main] INFO  o.s.d.r.c.RepositoryConfigurationDelegate - Finished Spring Data repository scanning in 18 ms. Found 0 Redis repository interfaces.
2021-01-06 21:30:11.561 [main] INFO  o.s.c.s.PostProcessorRegistrationDelegate$BeanPostProcessorChecker - Bean 'com.alibaba.druid.spring.boot.autoconfigure.stat.DruidSpringAopConfiguration' of type [com.alibaba.druid.spring.boot.autoconfigure.stat.DruidSpringAopConfiguration] is not eligible for getting processed by all BeanPostProcessors (for example: not eligible for auto-proxying)
2021-01-06 21:30:11.580 [main] INFO  o.s.c.s.PostProcessorRegistrationDelegate$BeanPostProcessorChecker - Bean 'spring.datasource.druid-com.alibaba.druid.spring.boot.autoconfigure.properties.DruidStatProperties' of type [com.alibaba.druid.spring.boot.autoconfigure.properties.DruidStatProperties] is not eligible for getting processed by all BeanPostProcessors (for example: not eligible for auto-proxying)
2021-01-06 21:30:11.597 [main] INFO  o.s.c.s.PostProcessorRegistrationDelegate$BeanPostProcessorChecker - Bean 'advisor' of type [org.springframework.aop.support.RegexpMethodPointcutAdvisor] is not eligible for getting processed by all BeanPostProcessors (for example: not eligible for auto-proxying)
2021-01-06 21:30:12.077 [main] INFO  o.s.b.w.e.tomcat.TomcatWebServer - Tomcat initialized with port(s): 8080 (http)
2021-01-06 21:30:12.090 [main] INFO  o.a.coyote.http11.Http11NioProtocol - Initializing ProtocolHandler ["http-nio-8080"]
2021-01-06 21:30:12.090 [main] INFO  o.a.catalina.core.StandardService - Starting service [Tomcat]
2021-01-06 21:30:12.090 [main] INFO  o.a.catalina.core.StandardEngine - Starting Servlet engine: [Apache Tomcat/9.0.41]
2021-01-06 21:30:12.976 [main] INFO  o.a.c.c.C.[.[localhost].[/blog] - Initializing Spring embedded WebApplicationContext
2021-01-06 21:30:12.976 [main] INFO  o.s.b.w.s.c.ServletWebServerApplicationContext - Root WebApplicationContext: initialization completed in 3685 ms
2021-01-06 21:30:13.387 [main] INFO  c.a.d.s.b.a.DruidDataSourceAutoConfigure - Init DruidDataSource
2021-01-06 21:30:44.092 [main] INFO  c.alibaba.druid.pool.DruidDataSource - {dataSource-1} inited
2021-01-06 21:30:44.962 [main] INFO  org.redisson.Version - Redisson 3.13.4
2021-01-06 21:30:45.588 [redisson-netty-2-17] INFO  o.r.c.p.MasterPubSubConnectionPool - 1 connections initialized for /127.0.0.1:6379
2021-01-06 21:30:45.609 [redisson-netty-2-19] INFO  o.r.c.pool.MasterConnectionPool - 24 connections initialized for /127.0.0.1:6379
2021-01-06 21:30:46.214 [main] INFO  o.s.s.c.ThreadPoolTaskExecutor - Initializing ExecutorService 'applicationTaskExecutor'
2021-01-06 21:30:47.774 [main] INFO  o.s.b.a.e.web.EndpointLinksResolver - Exposing 2 endpoint(s) beneath base path '/actuator'
2021-01-06 21:30:47.825 [main] INFO  o.a.coyote.http11.Http11NioProtocol - Starting ProtocolHandler ["http-nio-8080"]
2021-01-06 21:30:47.841 [main] INFO  o.s.b.w.e.tomcat.TomcatWebServer - Tomcat started on port(s): 8080 (http) with context path '/blog'
2021-01-06 21:30:47.873 [main] INFO  com.mk.blog.MkBlogApplication - Started MkBlogApplication in 39.504 seconds (JVM running for 42.179)
2021-01-06 21:30:47.969 [http-nio-8080-exec-1] INFO  o.a.c.c.C.[.[localhost].[/blog] - Initializing Spring DispatcherServlet 'dispatcherServlet'
2021-01-06 21:30:47.969 [http-nio-8080-exec-1] INFO  o.s.web.servlet.DispatcherServlet - Initializing Servlet 'dispatcherServlet'
2021-01-06 21:30:47.969 [http-nio-8080-exec-1] INFO  o.s.web.servlet.DispatcherServlet - Completed initialization in 0 ms
2021-01-06 21:30:48.943 [http-nio-8080-exec-7] INFO  o.s.api.AbstractOpenApiResource - Init duration for springdoc-openapi is: 181 ms
2021-01-06 21:30:59.674 [http-nio-8080-exec-8] INFO  com.mk.blog.aspect.LogAspect - 

ip=========>192.168.1.101
请求路径===>/blog/article/dd
方法描述===>
方法名=====>dd
参数=======>[]

2021-01-06 21:30:59.759 [http-nio-8080-exec-8] INFO  c.p.p.i.aspect.IdempotentAspect - [idempotent]:has stored key=http://127.0.0.1:8080/blog/article/dd[],value=2021-01-06 21:30:59.709,expireTime=10SECONDS,now=2021-01-06T21:30:59.759
2021-01-06 21:30:59.828 [http-nio-8080-exec-8] DEBUG c.m.b.mapper.ArticleMapper.selectAll - ==>  Preparing: SELECT id, category_id, title, img, content_md, content_html, status, write_time, modify_time, is_prohibit from article
2021-01-06 21:30:59.901 [http-nio-8080-exec-8] DEBUG c.m.b.mapper.ArticleMapper.selectAll - ==> Parameters: 
2021-01-06 21:30:59.998 [http-nio-8080-exec-8] DEBUG c.m.b.mapper.ArticleMapper.selectAll - <==      Total: 5
2021-01-06 21:31:00.019 [http-nio-8080-exec-8] INFO  com.mk.blog.aspect.LogAspect - ==========>方法用时345ms<==========

2021-01-06 21:44:01.965 [SpringContextShutdownHook] INFO  o.s.s.c.ThreadPoolTaskExecutor - Shutting down ExecutorService 'applicationTaskExecutor'
2021-01-06 21:44:02.014 [SpringContextShutdownHook] INFO  c.alibaba.druid.pool.DruidDataSource - {dataSource-1} closing ...
2021-01-06 21:44:02.014 [SpringContextShutdownHook] INFO  c.alibaba.druid.pool.DruidDataSource - {dataSource-1} closed
2021-01-06 21:44:12.811 [main] INFO  com.mk.blog.MkBlogApplication - Starting MkBlogApplication using Java 1.8.0_271 on LAPTOP-FRDD7UM6 with PID 7620 (D:\WorkSpace\Idea\blog\mk-blog-web\target\classes started by MK in D:\WorkSpace\Idea\blog)
2021-01-06 21:44:12.811 [main] INFO  com.mk.blog.MkBlogApplication - The following profiles are active: dev
2021-01-06 21:44:13.919 [main] INFO  o.s.d.r.c.RepositoryConfigurationDelegate - Multiple Spring Data modules found, entering strict repository configuration mode!
2021-01-06 21:44:13.919 [main] INFO  o.s.d.r.c.RepositoryConfigurationDelegate - Bootstrapping Spring Data Redis repositories in DEFAULT mode.
2021-01-06 21:44:13.951 [main] INFO  o.s.d.r.c.RepositoryConfigurationDelegate - Finished Spring Data repository scanning in 12 ms. Found 0 Redis repository interfaces.
2021-01-06 21:44:14.407 [main] INFO  o.s.c.s.PostProcessorRegistrationDelegate$BeanPostProcessorChecker - Bean 'com.alibaba.druid.spring.boot.autoconfigure.stat.DruidSpringAopConfiguration' of type [com.alibaba.druid.spring.boot.autoconfigure.stat.DruidSpringAopConfiguration] is not eligible for getting processed by all BeanPostProcessors (for example: not eligible for auto-proxying)
2021-01-06 21:44:14.440 [main] INFO  o.s.c.s.PostProcessorRegistrationDelegate$BeanPostProcessorChecker - Bean 'spring.datasource.druid-com.alibaba.druid.spring.boot.autoconfigure.properties.DruidStatProperties' of type [com.alibaba.druid.spring.boot.autoconfigure.properties.DruidStatProperties] is not eligible for getting processed by all BeanPostProcessors (for example: not eligible for auto-proxying)
2021-01-06 21:44:14.440 [main] INFO  o.s.c.s.PostProcessorRegistrationDelegate$BeanPostProcessorChecker - Bean 'advisor' of type [org.springframework.aop.support.RegexpMethodPointcutAdvisor] is not eligible for getting processed by all BeanPostProcessors (for example: not eligible for auto-proxying)
2021-01-06 21:44:14.806 [main] INFO  o.s.b.w.e.tomcat.TomcatWebServer - Tomcat initialized with port(s): 8080 (http)
2021-01-06 21:44:14.822 [main] INFO  o.a.coyote.http11.Http11NioProtocol - Initializing ProtocolHandler ["http-nio-8080"]
2021-01-06 21:44:14.822 [main] INFO  o.a.catalina.core.StandardService - Starting service [Tomcat]
2021-01-06 21:44:14.822 [main] INFO  o.a.catalina.core.StandardEngine - Starting Servlet engine: [Apache Tomcat/9.0.41]
2021-01-06 21:44:14.902 [main] INFO  o.a.c.c.C.[.[localhost].[/blog] - Initializing Spring embedded WebApplicationContext
2021-01-06 21:44:14.902 [main] INFO  o.s.b.w.s.c.ServletWebServerApplicationContext - Root WebApplicationContext: initialization completed in 2011 ms
2021-01-06 21:44:15.402 [main] INFO  c.a.d.s.b.a.DruidDataSourceAutoConfigure - Init DruidDataSource
2021-01-06 21:44:17.256 [main] INFO  c.alibaba.druid.pool.DruidDataSource - {dataSource-1} inited
2021-01-06 21:44:17.827 [main] INFO  org.redisson.Version - Redisson 3.13.4
2021-01-06 21:44:18.282 [redisson-netty-2-13] INFO  o.r.c.p.MasterPubSubConnectionPool - 1 connections initialized for /127.0.0.1:6379
2021-01-06 21:44:18.298 [redisson-netty-2-22] INFO  o.r.c.pool.MasterConnectionPool - 24 connections initialized for /127.0.0.1:6379
2021-01-06 21:44:18.600 [main] INFO  o.s.s.c.ThreadPoolTaskExecutor - Initializing ExecutorService 'applicationTaskExecutor'
2021-01-06 21:44:19.977 [main] WARN  o.s.b.w.s.c.AnnotationConfigServletWebServerApplicationContext - Exception encountered during context initialization - cancelling refresh attempt: org.springframework.beans.factory.BeanCreationException: Error creating bean with name 'springSecurityFilterChain' defined in class path resource [org/springframework/security/config/annotation/web/configuration/WebSecurityConfiguration.class]: Bean instantiation via factory method failed; nested exception is org.springframework.beans.BeanInstantiationException: Failed to instantiate [javax.servlet.Filter]: Factory method 'springSecurityFilterChain' threw exception; nested exception is java.lang.IllegalArgumentException: Cannot pass a null GrantedAuthority collection
2021-01-06 21:44:19.993 [main] INFO  o.s.s.c.ThreadPoolTaskExecutor - Shutting down ExecutorService 'applicationTaskExecutor'
2021-01-06 21:44:20.091 [main] INFO  c.alibaba.druid.pool.DruidDataSource - {dataSource-1} closing ...
2021-01-06 21:44:20.091 [main] INFO  c.alibaba.druid.pool.DruidDataSource - {dataSource-1} closed
2021-01-06 21:44:20.091 [main] INFO  o.a.catalina.core.StandardService - Stopping service [Tomcat]
2021-01-06 21:44:20.123 [main] INFO  o.s.b.a.l.ConditionEvaluationReportLoggingListener - 

Error starting ApplicationContext. To display the conditions report re-run your application with 'debug' enabled.
2021-01-06 21:45:55.137 [main] INFO  com.mk.blog.MkBlogApplication - Starting MkBlogApplication using Java 1.8.0_271 on LAPTOP-FRDD7UM6 with PID 1504 (D:\WorkSpace\Idea\blog\mk-blog-web\target\classes started by MK in D:\WorkSpace\Idea\blog)
2021-01-06 21:45:55.137 [main] INFO  com.mk.blog.MkBlogApplication - The following profiles are active: dev
2021-01-06 21:45:56.012 [main] INFO  o.s.d.r.c.RepositoryConfigurationDelegate - Multiple Spring Data modules found, entering strict repository configuration mode!
2021-01-06 21:45:56.012 [main] INFO  o.s.d.r.c.RepositoryConfigurationDelegate - Bootstrapping Spring Data Redis repositories in DEFAULT mode.
2021-01-06 21:45:56.043 [main] INFO  o.s.d.r.c.RepositoryConfigurationDelegate - Finished Spring Data repository scanning in 18 ms. Found 0 Redis repository interfaces.
2021-01-06 21:45:56.411 [main] INFO  o.s.c.s.PostProcessorRegistrationDelegate$BeanPostProcessorChecker - Bean 'com.alibaba.druid.spring.boot.autoconfigure.stat.DruidSpringAopConfiguration' of type [com.alibaba.druid.spring.boot.autoconfigure.stat.DruidSpringAopConfiguration] is not eligible for getting processed by all BeanPostProcessors (for example: not eligible for auto-proxying)
2021-01-06 21:45:56.427 [main] INFO  o.s.c.s.PostProcessorRegistrationDelegate$BeanPostProcessorChecker - Bean 'spring.datasource.druid-com.alibaba.druid.spring.boot.autoconfigure.properties.DruidStatProperties' of type [com.alibaba.druid.spring.boot.autoconfigure.properties.DruidStatProperties] is not eligible for getting processed by all BeanPostProcessors (for example: not eligible for auto-proxying)
2021-01-06 21:45:56.443 [main] INFO  o.s.c.s.PostProcessorRegistrationDelegate$BeanPostProcessorChecker - Bean 'advisor' of type [org.springframework.aop.support.RegexpMethodPointcutAdvisor] is not eligible for getting processed by all BeanPostProcessors (for example: not eligible for auto-proxying)
2021-01-06 21:45:56.735 [main] INFO  o.s.b.w.e.tomcat.TomcatWebServer - Tomcat initialized with port(s): 8080 (http)
2021-01-06 21:45:56.750 [main] INFO  o.a.coyote.http11.Http11NioProtocol - Initializing ProtocolHandler ["http-nio-8080"]
2021-01-06 21:45:56.750 [main] INFO  o.a.catalina.core.StandardService - Starting service [Tomcat]
2021-01-06 21:45:56.750 [main] INFO  o.a.catalina.core.StandardEngine - Starting Servlet engine: [Apache Tomcat/9.0.41]
2021-01-06 21:45:56.814 [main] INFO  o.a.c.c.C.[.[localhost].[/blog] - Initializing Spring embedded WebApplicationContext
2021-01-06 21:45:56.814 [main] INFO  o.s.b.w.s.c.ServletWebServerApplicationContext - Root WebApplicationContext: initialization completed in 1604 ms
2021-01-06 21:45:57.242 [main] INFO  c.a.d.s.b.a.DruidDataSourceAutoConfigure - Init DruidDataSource
2021-01-06 21:46:18.467 [main] INFO  c.alibaba.druid.pool.DruidDataSource - {dataSource-1} inited
2021-01-06 21:46:18.483 [main] WARN  o.s.b.w.s.c.AnnotationConfigServletWebServerApplicationContext - Exception encountered during context initialization - cancelling refresh attempt: org.springframework.beans.factory.BeanCreationException: Error creating bean with name 'articleController': Injection of resource dependencies failed; nested exception is org.springframework.beans.factory.BeanCreationException: Error creating bean with name 'articleServiceImpl': Injection of resource dependencies failed; nested exception is org.springframework.beans.factory.UnsatisfiedDependencyException: Error creating bean with name 'articleMapper' defined in file [D:\WorkSpace\Idea\blog\mk-blog-dao\target\classes\com\mk\blog\mapper\ArticleMapper.class]: Unsatisfied dependency expressed through bean property 'sqlSessionFactory'; nested exception is org.springframework.beans.factory.UnsatisfiedDependencyException: Error creating bean with name 'sqlSessionFactory' defined in class path resource [com/baomidou/mybatisplus/autoconfigure/MybatisPlusAutoConfiguration.class]: Unsatisfied dependency expressed through method 'sqlSessionFactory' parameter 0; nested exception is org.springframework.beans.factory.BeanCreationException: Error creating bean with name 'dataSource' defined in class path resource [com/alibaba/druid/spring/boot/autoconfigure/DruidDataSourceAutoConfigure.class]: Invocation of init method failed; nested exception is com.mysql.cj.jdbc.exceptions.CommunicationsException: Communications link failure

The last packet sent successfully to the server was 0 milliseconds ago. The driver has not received any packets from the server.
2021-01-06 21:46:18.483 [main] INFO  o.a.catalina.core.StandardService - Stopping service [Tomcat]
2021-01-06 21:46:18.514 [main] INFO  o.s.b.a.l.ConditionEvaluationReportLoggingListener - 

Error starting ApplicationContext. To display the conditions report re-run your application with 'debug' enabled.
2021-01-06 21:47:13.889 [main] INFO  com.mk.blog.MkBlogApplication - Starting MkBlogApplication using Java 1.8.0_271 on LAPTOP-FRDD7UM6 with PID 1804 (D:\WorkSpace\Idea\blog\mk-blog-web\target\classes started by MK in D:\WorkSpace\Idea\blog)
2021-01-06 21:47:13.905 [main] INFO  com.mk.blog.MkBlogApplication - The following profiles are active: dev
2021-01-06 21:47:14.816 [main] INFO  o.s.d.r.c.RepositoryConfigurationDelegate - Multiple Spring Data modules found, entering strict repository configuration mode!
2021-01-06 21:47:14.816 [main] INFO  o.s.d.r.c.RepositoryConfigurationDelegate - Bootstrapping Spring Data Redis repositories in DEFAULT mode.
2021-01-06 21:47:14.848 [main] INFO  o.s.d.r.c.RepositoryConfigurationDelegate - Finished Spring Data repository scanning in 12 ms. Found 0 Redis repository interfaces.
2021-01-06 21:47:15.204 [main] INFO  o.s.c.s.PostProcessorRegistrationDelegate$BeanPostProcessorChecker - Bean 'com.alibaba.druid.spring.boot.autoconfigure.stat.DruidSpringAopConfiguration' of type [com.alibaba.druid.spring.boot.autoconfigure.stat.DruidSpringAopConfiguration] is not eligible for getting processed by all BeanPostProcessors (for example: not eligible for auto-proxying)
2021-01-06 21:47:15.212 [main] INFO  o.s.c.s.PostProcessorRegistrationDelegate$BeanPostProcessorChecker - Bean 'spring.datasource.druid-com.alibaba.druid.spring.boot.autoconfigure.properties.DruidStatProperties' of type [com.alibaba.druid.spring.boot.autoconfigure.properties.DruidStatProperties] is not eligible for getting processed by all BeanPostProcessors (for example: not eligible for auto-proxying)
2021-01-06 21:47:15.228 [main] INFO  o.s.c.s.PostProcessorRegistrationDelegate$BeanPostProcessorChecker - Bean 'advisor' of type [org.springframework.aop.support.RegexpMethodPointcutAdvisor] is not eligible for getting processed by all BeanPostProcessors (for example: not eligible for auto-proxying)
2021-01-06 21:47:15.516 [main] INFO  o.s.b.w.e.tomcat.TomcatWebServer - Tomcat initialized with port(s): 8080 (http)
2021-01-06 21:47:15.532 [main] INFO  o.a.coyote.http11.Http11NioProtocol - Initializing ProtocolHandler ["http-nio-8080"]
2021-01-06 21:47:15.532 [main] INFO  o.a.catalina.core.StandardService - Starting service [Tomcat]
2021-01-06 21:47:15.532 [main] INFO  o.a.catalina.core.StandardEngine - Starting Servlet engine: [Apache Tomcat/9.0.41]
2021-01-06 21:47:15.595 [main] INFO  o.a.c.c.C.[.[localhost].[/blog] - Initializing Spring embedded WebApplicationContext
2021-01-06 21:47:15.595 [main] INFO  o.s.b.w.s.c.ServletWebServerApplicationContext - Root WebApplicationContext: initialization completed in 1627 ms
2021-01-06 21:47:15.999 [main] INFO  c.a.d.s.b.a.DruidDataSourceAutoConfigure - Init DruidDataSource
2021-01-06 21:47:17.696 [main] INFO  c.alibaba.druid.pool.DruidDataSource - {dataSource-1} inited
2021-01-06 21:47:18.161 [main] INFO  org.redisson.Version - Redisson 3.13.4
2021-01-06 21:47:18.582 [redisson-netty-2-23] INFO  o.r.c.p.MasterPubSubConnectionPool - 1 connections initialized for /127.0.0.1:6379
2021-01-06 21:47:18.598 [redisson-netty-2-18] INFO  o.r.c.pool.MasterConnectionPool - 24 connections initialized for /127.0.0.1:6379
2021-01-06 21:47:18.873 [main] INFO  o.s.s.c.ThreadPoolTaskExecutor - Initializing ExecutorService 'applicationTaskExecutor'
2021-01-06 21:47:20.055 [main] WARN  o.s.b.w.s.c.AnnotationConfigServletWebServerApplicationContext - Exception encountered during context initialization - cancelling refresh attempt: org.springframework.beans.factory.BeanCreationException: Error creating bean with name 'springSecurityFilterChain' defined in class path resource [org/springframework/security/config/annotation/web/configuration/WebSecurityConfiguration.class]: Bean instantiation via factory method failed; nested exception is org.springframework.beans.BeanInstantiationException: Failed to instantiate [javax.servlet.Filter]: Factory method 'springSecurityFilterChain' threw exception; nested exception is java.lang.IllegalArgumentException: Cannot pass a null GrantedAuthority collection
2021-01-06 21:47:20.070 [main] INFO  o.s.s.c.ThreadPoolTaskExecutor - Shutting down ExecutorService 'applicationTaskExecutor'
2021-01-06 21:47:20.153 [main] INFO  c.alibaba.druid.pool.DruidDataSource - {dataSource-1} closing ...
2021-01-06 21:47:20.153 [main] INFO  c.alibaba.druid.pool.DruidDataSource - {dataSource-1} closed
2021-01-06 21:47:20.161 [main] INFO  o.a.catalina.core.StandardService - Stopping service [Tomcat]
2021-01-06 21:47:20.177 [main] INFO  o.s.b.a.l.ConditionEvaluationReportLoggingListener - 

Error starting ApplicationContext. To display the conditions report re-run your application with 'debug' enabled.
2021-01-06 21:53:24.964 [main] INFO  com.mk.blog.MkBlogApplication - Starting MkBlogApplication using Java 1.8.0_271 on LAPTOP-FRDD7UM6 with PID 7680 (D:\WorkSpace\Idea\blog\mk-blog-web\target\classes started by MK in D:\WorkSpace\Idea\blog)
2021-01-06 21:53:24.964 [main] INFO  com.mk.blog.MkBlogApplication - The following profiles are active: dev
2021-01-06 21:53:25.905 [main] INFO  o.s.d.r.c.RepositoryConfigurationDelegate - Multiple Spring Data modules found, entering strict repository configuration mode!
2021-01-06 21:53:25.905 [main] INFO  o.s.d.r.c.RepositoryConfigurationDelegate - Bootstrapping Spring Data Redis repositories in DEFAULT mode.
2021-01-06 21:53:25.938 [main] INFO  o.s.d.r.c.RepositoryConfigurationDelegate - Finished Spring Data repository scanning in 18 ms. Found 0 Redis repository interfaces.
2021-01-06 21:53:26.295 [main] INFO  o.s.c.s.PostProcessorRegistrationDelegate$BeanPostProcessorChecker - Bean 'com.alibaba.druid.spring.boot.autoconfigure.stat.DruidSpringAopConfiguration' of type [com.alibaba.druid.spring.boot.autoconfigure.stat.DruidSpringAopConfiguration] is not eligible for getting processed by all BeanPostProcessors (for example: not eligible for auto-proxying)
2021-01-06 21:53:26.313 [main] INFO  o.s.c.s.PostProcessorRegistrationDelegate$BeanPostProcessorChecker - Bean 'spring.datasource.druid-com.alibaba.druid.spring.boot.autoconfigure.properties.DruidStatProperties' of type [com.alibaba.druid.spring.boot.autoconfigure.properties.DruidStatProperties] is not eligible for getting processed by all BeanPostProcessors (for example: not eligible for auto-proxying)
2021-01-06 21:53:26.313 [main] INFO  o.s.c.s.PostProcessorRegistrationDelegate$BeanPostProcessorChecker - Bean 'advisor' of type [org.springframework.aop.support.RegexpMethodPointcutAdvisor] is not eligible for getting processed by all BeanPostProcessors (for example: not eligible for auto-proxying)
2021-01-06 21:53:26.613 [main] INFO  o.s.b.w.e.tomcat.TomcatWebServer - Tomcat initialized with port(s): 8080 (http)
2021-01-06 21:53:26.628 [main] INFO  o.a.coyote.http11.Http11NioProtocol - Initializing ProtocolHandler ["http-nio-8080"]
2021-01-06 21:53:26.628 [main] INFO  o.a.catalina.core.StandardService - Starting service [Tomcat]
2021-01-06 21:53:26.628 [main] INFO  o.a.catalina.core.StandardEngine - Starting Servlet engine: [Apache Tomcat/9.0.41]
2021-01-06 21:53:26.692 [main] INFO  o.a.c.c.C.[.[localhost].[/blog] - Initializing Spring embedded WebApplicationContext
2021-01-06 21:53:26.692 [main] INFO  o.s.b.w.s.c.ServletWebServerApplicationContext - Root WebApplicationContext: initialization completed in 1646 ms
2021-01-06 21:53:27.117 [main] INFO  c.a.d.s.b.a.DruidDataSourceAutoConfigure - Init DruidDataSource
2021-01-06 21:53:48.329 [main] INFO  c.alibaba.druid.pool.DruidDataSource - {dataSource-1} inited
2021-01-06 21:53:48.344 [main] WARN  o.s.b.w.s.c.AnnotationConfigServletWebServerApplicationContext - Exception encountered during context initialization - cancelling refresh attempt: org.springframework.beans.factory.BeanCreationException: Error creating bean with name 'articleController': Injection of resource dependencies failed; nested exception is org.springframework.beans.factory.BeanCreationException: Error creating bean with name 'articleServiceImpl': Injection of resource dependencies failed; nested exception is org.springframework.beans.factory.UnsatisfiedDependencyException: Error creating bean with name 'articleMapper' defined in file [D:\WorkSpace\Idea\blog\mk-blog-dao\target\classes\com\mk\blog\mapper\ArticleMapper.class]: Unsatisfied dependency expressed through bean property 'sqlSessionFactory'; nested exception is org.springframework.beans.factory.UnsatisfiedDependencyException: Error creating bean with name 'sqlSessionFactory' defined in class path resource [com/baomidou/mybatisplus/autoconfigure/MybatisPlusAutoConfiguration.class]: Unsatisfied dependency expressed through method 'sqlSessionFactory' parameter 0; nested exception is org.springframework.beans.factory.BeanCreationException: Error creating bean with name 'dataSource' defined in class path resource [com/alibaba/druid/spring/boot/autoconfigure/DruidDataSourceAutoConfigure.class]: Invocation of init method failed; nested exception is com.mysql.cj.jdbc.exceptions.CommunicationsException: Communications link failure

The last packet sent successfully to the server was 0 milliseconds ago. The driver has not received any packets from the server.
2021-01-06 21:53:48.344 [main] INFO  o.a.catalina.core.StandardService - Stopping service [Tomcat]
2021-01-06 21:53:48.371 [main] INFO  o.s.b.a.l.ConditionEvaluationReportLoggingListener - 

Error starting ApplicationContext. To display the conditions report re-run your application with 'debug' enabled.
2021-01-06 21:54:11.675 [main] INFO  com.mk.blog.MkBlogApplication - Starting MkBlogApplication using Java 1.8.0_271 on LAPTOP-FRDD7UM6 with PID 9564 (D:\WorkSpace\Idea\blog\mk-blog-web\target\classes started by MK in D:\WorkSpace\Idea\blog)
2021-01-06 21:54:11.675 [main] INFO  com.mk.blog.MkBlogApplication - The following profiles are active: dev
2021-01-06 21:54:12.544 [main] INFO  o.s.d.r.c.RepositoryConfigurationDelegate - Multiple Spring Data modules found, entering strict repository configuration mode!
2021-01-06 21:54:12.544 [main] INFO  o.s.d.r.c.RepositoryConfigurationDelegate - Bootstrapping Spring Data Redis repositories in DEFAULT mode.
2021-01-06 21:54:12.577 [main] INFO  o.s.d.r.c.RepositoryConfigurationDelegate - Finished Spring Data repository scanning in 12 ms. Found 0 Redis repository interfaces.
2021-01-06 21:54:12.949 [main] INFO  o.s.c.s.PostProcessorRegistrationDelegate$BeanPostProcessorChecker - Bean 'com.alibaba.druid.spring.boot.autoconfigure.stat.DruidSpringAopConfiguration' of type [com.alibaba.druid.spring.boot.autoconfigure.stat.DruidSpringAopConfiguration] is not eligible for getting processed by all BeanPostProcessors (for example: not eligible for auto-proxying)
2021-01-06 21:54:12.965 [main] INFO  o.s.c.s.PostProcessorRegistrationDelegate$BeanPostProcessorChecker - Bean 'spring.datasource.druid-com.alibaba.druid.spring.boot.autoconfigure.properties.DruidStatProperties' of type [com.alibaba.druid.spring.boot.autoconfigure.properties.DruidStatProperties] is not eligible for getting processed by all BeanPostProcessors (for example: not eligible for auto-proxying)
2021-01-06 21:54:12.981 [main] INFO  o.s.c.s.PostProcessorRegistrationDelegate$BeanPostProcessorChecker - Bean 'advisor' of type [org.springframework.aop.support.RegexpMethodPointcutAdvisor] is not eligible for getting processed by all BeanPostProcessors (for example: not eligible for auto-proxying)
2021-01-06 21:54:13.276 [main] INFO  o.s.b.w.e.tomcat.TomcatWebServer - Tomcat initialized with port(s): 8080 (http)
2021-01-06 21:54:13.284 [main] INFO  o.a.coyote.http11.Http11NioProtocol - Initializing ProtocolHandler ["http-nio-8080"]
2021-01-06 21:54:13.284 [main] INFO  o.a.catalina.core.StandardService - Starting service [Tomcat]
2021-01-06 21:54:13.284 [main] INFO  o.a.catalina.core.StandardEngine - Starting Servlet engine: [Apache Tomcat/9.0.41]
2021-01-06 21:54:13.349 [main] INFO  o.a.c.c.C.[.[localhost].[/blog] - Initializing Spring embedded WebApplicationContext
2021-01-06 21:54:13.349 [main] INFO  o.s.b.w.s.c.ServletWebServerApplicationContext - Root WebApplicationContext: initialization completed in 1591 ms
2021-01-06 21:54:13.736 [main] INFO  c.a.d.s.b.a.DruidDataSourceAutoConfigure - Init DruidDataSource
2021-01-06 21:54:35.344 [main] INFO  c.alibaba.druid.pool.DruidDataSource - {dataSource-1} inited
2021-01-06 21:54:36.044 [main] INFO  org.redisson.Version - Redisson 3.13.4
2021-01-06 21:54:36.576 [redisson-netty-2-22] INFO  o.r.c.p.MasterPubSubConnectionPool - 1 connections initialized for /127.0.0.1:6379
2021-01-06 21:54:36.608 [redisson-netty-2-19] INFO  o.r.c.pool.MasterConnectionPool - 24 connections initialized for /127.0.0.1:6379
2021-01-06 21:54:36.882 [main] INFO  o.s.s.c.ThreadPoolTaskExecutor - Initializing ExecutorService 'applicationTaskExecutor'
2021-01-06 21:54:38.084 [main] WARN  o.s.b.w.s.c.AnnotationConfigServletWebServerApplicationContext - Exception encountered during context initialization - cancelling refresh attempt: org.springframework.beans.factory.BeanCreationException: Error creating bean with name 'springSecurityFilterChain' defined in class path resource [org/springframework/security/config/annotation/web/configuration/WebSecurityConfiguration.class]: Bean instantiation via factory method failed; nested exception is org.springframework.beans.BeanInstantiationException: Failed to instantiate [javax.servlet.Filter]: Factory method 'springSecurityFilterChain' threw exception; nested exception is java.lang.IllegalArgumentException: Cannot pass a null GrantedAuthority collection
2021-01-06 21:54:38.084 [main] INFO  o.s.s.c.ThreadPoolTaskExecutor - Shutting down ExecutorService 'applicationTaskExecutor'
2021-01-06 21:54:38.177 [main] INFO  c.alibaba.druid.pool.DruidDataSource - {dataSource-1} closing ...
2021-01-06 21:54:38.177 [main] INFO  c.alibaba.druid.pool.DruidDataSource - {dataSource-1} closed
2021-01-06 21:54:38.185 [main] INFO  o.a.catalina.core.StandardService - Stopping service [Tomcat]
2021-01-06 21:54:38.201 [main] INFO  o.s.b.a.l.ConditionEvaluationReportLoggingListener - 

Error starting ApplicationContext. To display the conditions report re-run your application with 'debug' enabled.
2021-01-06 21:54:54.642 [main] INFO  com.mk.blog.MkBlogApplication - Starting MkBlogApplication using Java 1.8.0_271 on LAPTOP-FRDD7UM6 with PID 12532 (D:\WorkSpace\Idea\blog\mk-blog-web\target\classes started by MK in D:\WorkSpace\Idea\blog)
2021-01-06 21:54:54.642 [main] INFO  com.mk.blog.MkBlogApplication - The following profiles are active: dev
2021-01-06 21:54:55.643 [main] INFO  o.s.d.r.c.RepositoryConfigurationDelegate - Multiple Spring Data modules found, entering strict repository configuration mode!
2021-01-06 21:54:55.643 [main] INFO  o.s.d.r.c.RepositoryConfigurationDelegate - Bootstrapping Spring Data Redis repositories in DEFAULT mode.
2021-01-06 21:54:55.674 [main] INFO  o.s.d.r.c.RepositoryConfigurationDelegate - Finished Spring Data repository scanning in 10 ms. Found 0 Redis repository interfaces.
2021-01-06 21:54:56.047 [main] INFO  o.s.c.s.PostProcessorRegistrationDelegate$BeanPostProcessorChecker - Bean 'com.alibaba.druid.spring.boot.autoconfigure.stat.DruidSpringAopConfiguration' of type [com.alibaba.druid.spring.boot.autoconfigure.stat.DruidSpringAopConfiguration] is not eligible for getting processed by all BeanPostProcessors (for example: not eligible for auto-proxying)
2021-01-06 21:54:56.047 [main] INFO  o.s.c.s.PostProcessorRegistrationDelegate$BeanPostProcessorChecker - Bean 'spring.datasource.druid-com.alibaba.druid.spring.boot.autoconfigure.properties.DruidStatProperties' of type [com.alibaba.druid.spring.boot.autoconfigure.properties.DruidStatProperties] is not eligible for getting processed by all BeanPostProcessors (for example: not eligible for auto-proxying)
2021-01-06 21:54:56.063 [main] INFO  o.s.c.s.PostProcessorRegistrationDelegate$BeanPostProcessorChecker - Bean 'advisor' of type [org.springframework.aop.support.RegexpMethodPointcutAdvisor] is not eligible for getting processed by all BeanPostProcessors (for example: not eligible for auto-proxying)
2021-01-06 21:54:56.359 [main] INFO  o.s.b.w.e.tomcat.TomcatWebServer - Tomcat initialized with port(s): 8080 (http)
2021-01-06 21:54:56.367 [main] INFO  o.a.coyote.http11.Http11NioProtocol - Initializing ProtocolHandler ["http-nio-8080"]
2021-01-06 21:54:56.367 [main] INFO  o.a.catalina.core.StandardService - Starting service [Tomcat]
2021-01-06 21:54:56.367 [main] INFO  o.a.catalina.core.StandardEngine - Starting Servlet engine: [Apache Tomcat/9.0.41]
2021-01-06 21:54:56.432 [main] INFO  o.a.c.c.C.[.[localhost].[/blog] - Initializing Spring embedded WebApplicationContext
2021-01-06 21:54:56.432 [main] INFO  o.s.b.w.s.c.ServletWebServerApplicationContext - Root WebApplicationContext: initialization completed in 1711 ms
2021-01-06 21:54:56.817 [main] INFO  c.a.d.s.b.a.DruidDataSourceAutoConfigure - Init DruidDataSource
2021-01-06 21:54:58.283 [main] INFO  c.alibaba.druid.pool.DruidDataSource - {dataSource-1} inited
2021-01-06 21:54:58.919 [main] INFO  org.redisson.Version - Redisson 3.13.4
2021-01-06 21:54:59.364 [redisson-netty-2-23] INFO  o.r.c.p.MasterPubSubConnectionPool - 1 connections initialized for /127.0.0.1:6379
2021-01-06 21:54:59.396 [redisson-netty-2-19] INFO  o.r.c.pool.MasterConnectionPool - 24 connections initialized for /127.0.0.1:6379
2021-01-06 21:54:59.636 [main] INFO  o.s.s.c.ThreadPoolTaskExecutor - Initializing ExecutorService 'applicationTaskExecutor'
2021-01-06 21:55:00.961 [main] INFO  o.s.s.web.DefaultSecurityFilterChain - Will secure any request with [org.springframework.security.web.context.request.async.WebAsyncManagerIntegrationFilter@3684d2c0, org.springframework.security.web.context.SecurityContextPersistenceFilter@40b54762, org.springframework.security.web.header.HeaderWriterFilter@16944b58, org.springframework.security.web.csrf.CsrfFilter@470c4229, org.springframework.security.web.authentication.logout.LogoutFilter@410f53b2, org.springframework.security.web.authentication.UsernamePasswordAuthenticationFilter@464a3430, org.springframework.security.web.authentication.ui.DefaultLoginPageGeneratingFilter@624d778e, org.springframework.security.web.authentication.ui.DefaultLogoutPageGeneratingFilter@4be460e5, org.springframework.security.web.authentication.www.BasicAuthenticationFilter@11e24688, org.springframework.security.web.savedrequest.RequestCacheAwareFilter@24dc150c, org.springframework.security.web.servletapi.SecurityContextHolderAwareRequestFilter@6487f7f8, org.springframework.security.web.authentication.AnonymousAuthenticationFilter@454e9d65, org.springframework.security.web.session.SessionManagementFilter@62b42406, org.springframework.security.web.access.ExceptionTranslationFilter@4d174189, org.springframework.security.web.access.intercept.FilterSecurityInterceptor@5b5b8730]
2021-01-06 21:55:00.993 [main] INFO  o.s.b.a.e.web.EndpointLinksResolver - Exposing 2 endpoint(s) beneath base path '/actuator'
2021-01-06 21:55:01.041 [main] INFO  o.a.coyote.http11.Http11NioProtocol - Starting ProtocolHandler ["http-nio-8080"]
2021-01-06 21:55:01.057 [main] INFO  o.s.b.w.e.tomcat.TomcatWebServer - Tomcat started on port(s): 8080 (http) with context path '/blog'
2021-01-06 21:55:01.057 [main] INFO  com.mk.blog.MkBlogApplication - Started MkBlogApplication in 7.052 seconds (JVM running for 7.791)
2021-01-06 21:55:01.498 [RMI TCP Connection(4)-192.168.1.101] INFO  o.a.c.c.C.[.[localhost].[/blog] - Initializing Spring DispatcherServlet 'dispatcherServlet'
2021-01-06 21:55:01.498 [RMI TCP Connection(4)-192.168.1.101] INFO  o.s.web.servlet.DispatcherServlet - Initializing Servlet 'dispatcherServlet'
2021-01-06 21:55:01.498 [RMI TCP Connection(4)-192.168.1.101] INFO  o.s.web.servlet.DispatcherServlet - Completed initialization in 0 ms
2021-01-06 22:00:39.717 [main] INFO  com.mk.blog.MkBlogApplication - Starting MkBlogApplication using Java 1.8.0_271 on LAPTOP-FRDD7UM6 with PID 7396 (D:\WorkSpace\Idea\blog\mk-blog-web\target\classes started by MK in D:\WorkSpace\Idea\blog)
2021-01-06 22:00:39.717 [main] INFO  com.mk.blog.MkBlogApplication - The following profiles are active: dev
2021-01-06 22:00:40.697 [main] INFO  o.s.d.r.c.RepositoryConfigurationDelegate - Multiple Spring Data modules found, entering strict repository configuration mode!
2021-01-06 22:00:40.697 [main] INFO  o.s.d.r.c.RepositoryConfigurationDelegate - Bootstrapping Spring Data Redis repositories in DEFAULT mode.
2021-01-06 22:00:40.727 [main] INFO  o.s.d.r.c.RepositoryConfigurationDelegate - Finished Spring Data repository scanning in 17 ms. Found 0 Redis repository interfaces.
2021-01-06 22:00:41.097 [main] INFO  o.s.c.s.PostProcessorRegistrationDelegate$BeanPostProcessorChecker - Bean 'com.alibaba.druid.spring.boot.autoconfigure.stat.DruidSpringAopConfiguration' of type [com.alibaba.druid.spring.boot.autoconfigure.stat.DruidSpringAopConfiguration] is not eligible for getting processed by all BeanPostProcessors (for example: not eligible for auto-proxying)
2021-01-06 22:00:41.117 [main] INFO  o.s.c.s.PostProcessorRegistrationDelegate$BeanPostProcessorChecker - Bean 'spring.datasource.druid-com.alibaba.druid.spring.boot.autoconfigure.properties.DruidStatProperties' of type [com.alibaba.druid.spring.boot.autoconfigure.properties.DruidStatProperties] is not eligible for getting processed by all BeanPostProcessors (for example: not eligible for auto-proxying)
2021-01-06 22:00:41.127 [main] INFO  o.s.c.s.PostProcessorRegistrationDelegate$BeanPostProcessorChecker - Bean 'advisor' of type [org.springframework.aop.support.RegexpMethodPointcutAdvisor] is not eligible for getting processed by all BeanPostProcessors (for example: not eligible for auto-proxying)
2021-01-06 22:00:41.437 [main] INFO  o.s.b.w.e.tomcat.TomcatWebServer - Tomcat initialized with port(s): 8080 (http)
2021-01-06 22:00:41.437 [main] INFO  o.a.coyote.http11.Http11NioProtocol - Initializing ProtocolHandler ["http-nio-8080"]
2021-01-06 22:00:41.437 [main] INFO  o.a.catalina.core.StandardService - Starting service [Tomcat]
2021-01-06 22:00:41.437 [main] INFO  o.a.catalina.core.StandardEngine - Starting Servlet engine: [Apache Tomcat/9.0.41]
2021-01-06 22:00:41.512 [main] INFO  o.a.c.c.C.[.[localhost].[/blog] - Initializing Spring embedded WebApplicationContext
2021-01-06 22:00:41.512 [main] INFO  o.s.b.w.s.c.ServletWebServerApplicationContext - Root WebApplicationContext: initialization completed in 1715 ms
2021-01-06 22:00:41.917 [main] INFO  c.a.d.s.b.a.DruidDataSourceAutoConfigure - Init DruidDataSource
2021-01-06 22:00:43.557 [main] INFO  c.alibaba.druid.pool.DruidDataSource - {dataSource-1} inited
2021-01-06 22:00:44.067 [main] INFO  org.redisson.Version - Redisson 3.13.4
2021-01-06 22:00:44.527 [redisson-netty-2-13] INFO  o.r.c.p.MasterPubSubConnectionPool - 1 connections initialized for /127.0.0.1:6379
2021-01-06 22:00:44.547 [redisson-netty-2-19] INFO  o.r.c.pool.MasterConnectionPool - 24 connections initialized for /127.0.0.1:6379
2021-01-06 22:00:44.807 [main] INFO  o.s.s.c.ThreadPoolTaskExecutor - Initializing ExecutorService 'applicationTaskExecutor'
2021-01-06 22:00:46.158 [main] INFO  o.s.s.web.DefaultSecurityFilterChain - Will secure any request with [org.springframework.security.web.context.request.async.WebAsyncManagerIntegrationFilter@5bad555b, org.springframework.security.web.context.SecurityContextPersistenceFilter@5e020dd1, org.springframework.security.web.header.HeaderWriterFilter@632b5c79, org.springframework.security.web.csrf.CsrfFilter@2bd2430f, org.springframework.security.web.authentication.logout.LogoutFilter@799971ac, org.springframework.security.web.authentication.UsernamePasswordAuthenticationFilter@454e9d65, org.springframework.security.web.authentication.ui.DefaultLoginPageGeneratingFilter@2bc59ab7, org.springframework.security.web.authentication.ui.DefaultLogoutPageGeneratingFilter@41ec4271, org.springframework.security.web.authentication.www.BasicAuthenticationFilter@56f84c9b, org.springframework.security.web.savedrequest.RequestCacheAwareFilter@39ae6408, org.springframework.security.web.servletapi.SecurityContextHolderAwareRequestFilter@6d80e411, org.springframework.security.web.authentication.AnonymousAuthenticationFilter@70aa58e1, org.springframework.security.web.session.SessionManagementFilter@3815a7d1, org.springframework.security.web.access.ExceptionTranslationFilter@65da4a5d, org.springframework.security.web.access.intercept.FilterSecurityInterceptor@6f9a3325]
2021-01-06 22:00:46.189 [main] INFO  o.s.b.a.e.web.EndpointLinksResolver - Exposing 2 endpoint(s) beneath base path '/actuator'
2021-01-06 22:00:46.238 [main] INFO  o.a.coyote.http11.Http11NioProtocol - Starting ProtocolHandler ["http-nio-8080"]
2021-01-06 22:00:46.248 [main] INFO  o.s.b.w.e.tomcat.TomcatWebServer - Tomcat started on port(s): 8080 (http) with context path '/blog'
2021-01-06 22:00:46.257 [main] INFO  com.mk.blog.MkBlogApplication - Started MkBlogApplication in 7.199 seconds (JVM running for 7.978)
2021-01-06 22:00:46.617 [RMI TCP Connection(2)-192.168.1.101] INFO  o.a.c.c.C.[.[localhost].[/blog] - Initializing Spring DispatcherServlet 'dispatcherServlet'
2021-01-06 22:00:46.617 [RMI TCP Connection(2)-192.168.1.101] INFO  o.s.web.servlet.DispatcherServlet - Initializing Servlet 'dispatcherServlet'
2021-01-06 22:00:46.617 [RMI TCP Connection(2)-192.168.1.101] INFO  o.s.web.servlet.DispatcherServlet - Completed initialization in 0 ms
2021-01-06 22:01:16.732 [http-nio-8080-exec-3] INFO  com.mk.blog.aspect.LogAspect - 

ip=========>192.168.1.101
请求路径===>/blog/article/dd
方法描述===>
方法名=====>dd
参数=======>[]

2021-01-06 22:01:16.790 [http-nio-8080-exec-3] INFO  c.p.p.i.aspect.IdempotentAspect - [idempotent]:has stored key=http://127.0.0.1:8080/blog/article/dd[],value=2021-01-06 22:01:16.746,expireTime=10SECONDS,now=2021-01-06T22:01:16.790
2021-01-06 22:01:16.857 [http-nio-8080-exec-3] DEBUG c.m.b.mapper.ArticleMapper.selectAll - ==>  Preparing: SELECT id, category_id, title, img, content_md, content_html, status, write_time, modify_time, is_prohibit from article
2021-01-06 22:01:16.917 [http-nio-8080-exec-3] DEBUG c.m.b.mapper.ArticleMapper.selectAll - ==> Parameters: 
2021-01-06 22:01:17.019 [http-nio-8080-exec-3] DEBUG c.m.b.mapper.ArticleMapper.selectAll - <==      Total: 5
2021-01-06 22:01:17.039 [http-nio-8080-exec-3] INFO  com.mk.blog.aspect.LogAspect - ==========>方法用时307ms<==========

