2021-01-12 14:18:49.880 [main] INFO  com.mk.blog.MkBlogApplication - Starting MkBlogApplication using Java 1.8.0_271 on LAPTOP-FRDD7UM6 with PID 11972 (D:\WorkSpace\Idea\blog\mk-blog-web\target\classes started by MK in D:\WorkSpace\Idea\blog)
2021-01-12 14:18:49.884 [main] INFO  com.mk.blog.MkBlogApplication - The following profiles are active: dev
2021-01-12 14:18:50.856 [main] INFO  o.s.d.r.c.RepositoryConfigurationDelegate - Multiple Spring Data modules found, entering strict repository configuration mode!
2021-01-12 14:18:50.858 [main] INFO  o.s.d.r.c.RepositoryConfigurationDelegate - Bootstrapping Spring Data Redis repositories in DEFAULT mode.
2021-01-12 14:18:50.881 [main] INFO  o.s.d.r.c.RepositoryConfigurationDelegate - Finished Spring Data repository scanning in 10 ms. Found 0 Redis repository interfaces.
2021-01-12 14:18:51.215 [main] INFO  o.s.c.s.PostProcessorRegistrationDelegate$BeanPostProcessorChecker - Bean 'com.alibaba.druid.spring.boot.autoconfigure.stat.DruidSpringAopConfiguration' of type [com.alibaba.druid.spring.boot.autoconfigure.stat.DruidSpringAopConfiguration] is not eligible for getting processed by all BeanPostProcessors (for example: not eligible for auto-proxying)
2021-01-12 14:18:51.227 [main] INFO  o.s.c.s.PostProcessorRegistrationDelegate$BeanPostProcessorChecker - Bean 'spring.datasource.druid-com.alibaba.druid.spring.boot.autoconfigure.properties.DruidStatProperties' of type [com.alibaba.druid.spring.boot.autoconfigure.properties.DruidStatProperties] is not eligible for getting processed by all BeanPostProcessors (for example: not eligible for auto-proxying)
2021-01-12 14:18:51.233 [main] INFO  o.s.c.s.PostProcessorRegistrationDelegate$BeanPostProcessorChecker - Bean 'advisor' of type [org.springframework.aop.support.RegexpMethodPointcutAdvisor] is not eligible for getting processed by all BeanPostProcessors (for example: not eligible for auto-proxying)
2021-01-12 14:18:51.246 [main] INFO  o.s.c.s.PostProcessorRegistrationDelegate$BeanPostProcessorChecker - Bean 'org.springframework.security.access.expression.method.DefaultMethodSecurityExpressionHandler@117525fe' of type [org.springframework.security.access.expression.method.DefaultMethodSecurityExpressionHandler] is not eligible for getting processed by all BeanPostProcessors (for example: not eligible for auto-proxying)
2021-01-12 14:18:51.255 [main] INFO  o.s.c.s.PostProcessorRegistrationDelegate$BeanPostProcessorChecker - Bean 'methodSecurityMetadataSource' of type [org.springframework.security.access.method.DelegatingMethodSecurityMetadataSource] is not eligible for getting processed by all BeanPostProcessors (for example: not eligible for auto-proxying)
2021-01-12 14:18:51.501 [main] INFO  o.s.b.w.e.tomcat.TomcatWebServer - Tomcat initialized with port(s): 8080 (http)
2021-01-12 14:18:51.508 [main] INFO  o.a.coyote.http11.Http11NioProtocol - Initializing ProtocolHandler ["http-nio-8080"]
2021-01-12 14:18:51.509 [main] INFO  o.a.catalina.core.StandardService - Starting service [Tomcat]
2021-01-12 14:18:51.509 [main] INFO  o.a.catalina.core.StandardEngine - Starting Servlet engine: [Apache Tomcat/9.0.41]
2021-01-12 14:18:51.572 [main] INFO  o.a.c.c.C.[.[localhost].[/blog] - Initializing Spring embedded WebApplicationContext
2021-01-12 14:18:51.572 [main] INFO  o.s.b.w.s.c.ServletWebServerApplicationContext - Root WebApplicationContext: initialization completed in 1636 ms
2021-01-12 14:18:51.712 [main] INFO  o.a.catalina.core.StandardService - Stopping service [Tomcat]
2021-01-12 14:18:51.723 [main] WARN  o.s.b.w.s.c.AnnotationConfigServletWebServerApplicationContext - Exception encountered during context initialization - cancelling refresh attempt: org.springframework.context.ApplicationContextException: Unable to start web server; nested exception is org.springframework.boot.web.server.WebServerException: Unable to start embedded Tomcat
2021-01-12 14:18:51.734 [main] INFO  o.s.b.a.l.ConditionEvaluationReportLoggingListener - 

Error starting ApplicationContext. To display the conditions report re-run your application with 'debug' enabled.
2021-01-12 14:20:15.165 [main] INFO  com.mk.blog.MkBlogApplication - Starting MkBlogApplication using Java 1.8.0_271 on LAPTOP-FRDD7UM6 with PID 15280 (D:\WorkSpace\Idea\blog\mk-blog-web\target\classes started by MK in D:\WorkSpace\Idea\blog)
2021-01-12 14:20:15.167 [main] INFO  com.mk.blog.MkBlogApplication - The following profiles are active: dev
2021-01-12 14:20:15.883 [main] INFO  o.s.d.r.c.RepositoryConfigurationDelegate - Multiple Spring Data modules found, entering strict repository configuration mode!
2021-01-12 14:20:15.883 [main] INFO  o.s.d.r.c.RepositoryConfigurationDelegate - Bootstrapping Spring Data Redis repositories in DEFAULT mode.
2021-01-12 14:20:15.902 [main] INFO  o.s.d.r.c.RepositoryConfigurationDelegate - Finished Spring Data repository scanning in 10 ms. Found 0 Redis repository interfaces.
2021-01-12 14:20:16.196 [main] INFO  o.s.c.s.PostProcessorRegistrationDelegate$BeanPostProcessorChecker - Bean 'com.alibaba.druid.spring.boot.autoconfigure.stat.DruidSpringAopConfiguration' of type [com.alibaba.druid.spring.boot.autoconfigure.stat.DruidSpringAopConfiguration] is not eligible for getting processed by all BeanPostProcessors (for example: not eligible for auto-proxying)
2021-01-12 14:20:16.208 [main] INFO  o.s.c.s.PostProcessorRegistrationDelegate$BeanPostProcessorChecker - Bean 'spring.datasource.druid-com.alibaba.druid.spring.boot.autoconfigure.properties.DruidStatProperties' of type [com.alibaba.druid.spring.boot.autoconfigure.properties.DruidStatProperties] is not eligible for getting processed by all BeanPostProcessors (for example: not eligible for auto-proxying)
2021-01-12 14:20:16.216 [main] INFO  o.s.c.s.PostProcessorRegistrationDelegate$BeanPostProcessorChecker - Bean 'advisor' of type [org.springframework.aop.support.RegexpMethodPointcutAdvisor] is not eligible for getting processed by all BeanPostProcessors (for example: not eligible for auto-proxying)
2021-01-12 14:20:16.228 [main] INFO  o.s.c.s.PostProcessorRegistrationDelegate$BeanPostProcessorChecker - Bean 'org.springframework.security.access.expression.method.DefaultMethodSecurityExpressionHandler@71a06021' of type [org.springframework.security.access.expression.method.DefaultMethodSecurityExpressionHandler] is not eligible for getting processed by all BeanPostProcessors (for example: not eligible for auto-proxying)
2021-01-12 14:20:16.236 [main] INFO  o.s.c.s.PostProcessorRegistrationDelegate$BeanPostProcessorChecker - Bean 'methodSecurityMetadataSource' of type [org.springframework.security.access.method.DelegatingMethodSecurityMetadataSource] is not eligible for getting processed by all BeanPostProcessors (for example: not eligible for auto-proxying)
2021-01-12 14:20:16.465 [main] INFO  o.s.b.w.e.tomcat.TomcatWebServer - Tomcat initialized with port(s): 8080 (http)
2021-01-12 14:20:16.471 [main] INFO  o.a.coyote.http11.Http11NioProtocol - Initializing ProtocolHandler ["http-nio-8080"]
2021-01-12 14:20:16.472 [main] INFO  o.a.catalina.core.StandardService - Starting service [Tomcat]
2021-01-12 14:20:16.472 [main] INFO  o.a.catalina.core.StandardEngine - Starting Servlet engine: [Apache Tomcat/9.0.41]
2021-01-12 14:20:16.525 [main] INFO  o.a.c.c.C.[.[localhost].[/blog] - Initializing Spring embedded WebApplicationContext
2021-01-12 14:20:16.525 [main] INFO  o.s.b.w.s.c.ServletWebServerApplicationContext - Root WebApplicationContext: initialization completed in 1313 ms
2021-01-12 14:20:16.660 [main] INFO  o.a.catalina.core.StandardService - Stopping service [Tomcat]
2021-01-12 14:20:16.669 [main] WARN  o.s.b.w.s.c.AnnotationConfigServletWebServerApplicationContext - Exception encountered during context initialization - cancelling refresh attempt: org.springframework.context.ApplicationContextException: Unable to start web server; nested exception is org.springframework.boot.web.server.WebServerException: Unable to start embedded Tomcat
2021-01-12 14:20:16.681 [main] INFO  o.s.b.a.l.ConditionEvaluationReportLoggingListener - 

Error starting ApplicationContext. To display the conditions report re-run your application with 'debug' enabled.
2021-01-12 14:22:03.000 [main] INFO  com.mk.blog.MkBlogApplication - Starting MkBlogApplication using Java 1.8.0_271 on LAPTOP-FRDD7UM6 with PID 14008 (D:\WorkSpace\Idea\blog\mk-blog-web\target\classes started by MK in D:\WorkSpace\Idea\blog)
2021-01-12 14:22:03.003 [main] INFO  com.mk.blog.MkBlogApplication - The following profiles are active: dev
2021-01-12 14:22:03.717 [main] INFO  o.s.d.r.c.RepositoryConfigurationDelegate - Multiple Spring Data modules found, entering strict repository configuration mode!
2021-01-12 14:22:03.718 [main] INFO  o.s.d.r.c.RepositoryConfigurationDelegate - Bootstrapping Spring Data Redis repositories in DEFAULT mode.
2021-01-12 14:22:03.735 [main] INFO  o.s.d.r.c.RepositoryConfigurationDelegate - Finished Spring Data repository scanning in 10 ms. Found 0 Redis repository interfaces.
2021-01-12 14:22:04.020 [main] INFO  o.s.c.s.PostProcessorRegistrationDelegate$BeanPostProcessorChecker - Bean 'com.alibaba.druid.spring.boot.autoconfigure.stat.DruidSpringAopConfiguration' of type [com.alibaba.druid.spring.boot.autoconfigure.stat.DruidSpringAopConfiguration] is not eligible for getting processed by all BeanPostProcessors (for example: not eligible for auto-proxying)
2021-01-12 14:22:04.032 [main] INFO  o.s.c.s.PostProcessorRegistrationDelegate$BeanPostProcessorChecker - Bean 'spring.datasource.druid-com.alibaba.druid.spring.boot.autoconfigure.properties.DruidStatProperties' of type [com.alibaba.druid.spring.boot.autoconfigure.properties.DruidStatProperties] is not eligible for getting processed by all BeanPostProcessors (for example: not eligible for auto-proxying)
2021-01-12 14:22:04.038 [main] INFO  o.s.c.s.PostProcessorRegistrationDelegate$BeanPostProcessorChecker - Bean 'advisor' of type [org.springframework.aop.support.RegexpMethodPointcutAdvisor] is not eligible for getting processed by all BeanPostProcessors (for example: not eligible for auto-proxying)
2021-01-12 14:22:04.050 [main] INFO  o.s.c.s.PostProcessorRegistrationDelegate$BeanPostProcessorChecker - Bean 'org.springframework.security.access.expression.method.DefaultMethodSecurityExpressionHandler@6edcad64' of type [org.springframework.security.access.expression.method.DefaultMethodSecurityExpressionHandler] is not eligible for getting processed by all BeanPostProcessors (for example: not eligible for auto-proxying)
2021-01-12 14:22:04.057 [main] INFO  o.s.c.s.PostProcessorRegistrationDelegate$BeanPostProcessorChecker - Bean 'methodSecurityMetadataSource' of type [org.springframework.security.access.method.DelegatingMethodSecurityMetadataSource] is not eligible for getting processed by all BeanPostProcessors (for example: not eligible for auto-proxying)
2021-01-12 14:22:04.283 [main] INFO  o.s.b.w.e.tomcat.TomcatWebServer - Tomcat initialized with port(s): 8080 (http)
2021-01-12 14:22:04.289 [main] INFO  o.a.coyote.http11.Http11NioProtocol - Initializing ProtocolHandler ["http-nio-8080"]
2021-01-12 14:22:04.290 [main] INFO  o.a.catalina.core.StandardService - Starting service [Tomcat]
2021-01-12 14:22:04.290 [main] INFO  o.a.catalina.core.StandardEngine - Starting Servlet engine: [Apache Tomcat/9.0.41]
2021-01-12 14:22:04.346 [main] INFO  o.a.c.c.C.[.[localhost].[/blog] - Initializing Spring embedded WebApplicationContext
2021-01-12 14:22:04.347 [main] INFO  o.s.b.w.s.c.ServletWebServerApplicationContext - Root WebApplicationContext: initialization completed in 1297 ms
2021-01-12 14:22:04.476 [main] INFO  o.a.catalina.core.StandardService - Stopping service [Tomcat]
2021-01-12 14:22:04.483 [main] WARN  o.s.b.w.s.c.AnnotationConfigServletWebServerApplicationContext - Exception encountered during context initialization - cancelling refresh attempt: org.springframework.context.ApplicationContextException: Unable to start web server; nested exception is org.springframework.boot.web.server.WebServerException: Unable to start embedded Tomcat
2021-01-12 14:22:04.495 [main] INFO  o.s.b.a.l.ConditionEvaluationReportLoggingListener - 

Error starting ApplicationContext. To display the conditions report re-run your application with 'debug' enabled.
2021-01-12 14:22:23.113 [main] INFO  com.mk.blog.MkBlogApplication - Starting MkBlogApplication using Java 1.8.0_271 on LAPTOP-FRDD7UM6 with PID 15624 (D:\WorkSpace\Idea\blog\mk-blog-web\target\classes started by MK in D:\WorkSpace\Idea\blog)
2021-01-12 14:22:23.115 [main] INFO  com.mk.blog.MkBlogApplication - The following profiles are active: dev
2021-01-12 14:22:23.849 [main] INFO  o.s.d.r.c.RepositoryConfigurationDelegate - Multiple Spring Data modules found, entering strict repository configuration mode!
2021-01-12 14:22:23.850 [main] INFO  o.s.d.r.c.RepositoryConfigurationDelegate - Bootstrapping Spring Data Redis repositories in DEFAULT mode.
2021-01-12 14:22:23.869 [main] INFO  o.s.d.r.c.RepositoryConfigurationDelegate - Finished Spring Data repository scanning in 10 ms. Found 0 Redis repository interfaces.
2021-01-12 14:22:24.176 [main] INFO  o.s.c.s.PostProcessorRegistrationDelegate$BeanPostProcessorChecker - Bean 'com.alibaba.druid.spring.boot.autoconfigure.stat.DruidSpringAopConfiguration' of type [com.alibaba.druid.spring.boot.autoconfigure.stat.DruidSpringAopConfiguration] is not eligible for getting processed by all BeanPostProcessors (for example: not eligible for auto-proxying)
2021-01-12 14:22:24.190 [main] INFO  o.s.c.s.PostProcessorRegistrationDelegate$BeanPostProcessorChecker - Bean 'spring.datasource.druid-com.alibaba.druid.spring.boot.autoconfigure.properties.DruidStatProperties' of type [com.alibaba.druid.spring.boot.autoconfigure.properties.DruidStatProperties] is not eligible for getting processed by all BeanPostProcessors (for example: not eligible for auto-proxying)
2021-01-12 14:22:24.196 [main] INFO  o.s.c.s.PostProcessorRegistrationDelegate$BeanPostProcessorChecker - Bean 'advisor' of type [org.springframework.aop.support.RegexpMethodPointcutAdvisor] is not eligible for getting processed by all BeanPostProcessors (for example: not eligible for auto-proxying)
2021-01-12 14:22:24.210 [main] INFO  o.s.c.s.PostProcessorRegistrationDelegate$BeanPostProcessorChecker - Bean 'org.springframework.security.access.expression.method.DefaultMethodSecurityExpressionHandler@5f7989fa' of type [org.springframework.security.access.expression.method.DefaultMethodSecurityExpressionHandler] is not eligible for getting processed by all BeanPostProcessors (for example: not eligible for auto-proxying)
2021-01-12 14:22:24.217 [main] INFO  o.s.c.s.PostProcessorRegistrationDelegate$BeanPostProcessorChecker - Bean 'methodSecurityMetadataSource' of type [org.springframework.security.access.method.DelegatingMethodSecurityMetadataSource] is not eligible for getting processed by all BeanPostProcessors (for example: not eligible for auto-proxying)
2021-01-12 14:22:24.436 [main] INFO  o.s.b.w.e.tomcat.TomcatWebServer - Tomcat initialized with port(s): 8080 (http)
2021-01-12 14:22:24.442 [main] INFO  o.a.coyote.http11.Http11NioProtocol - Initializing ProtocolHandler ["http-nio-8080"]
2021-01-12 14:22:24.443 [main] INFO  o.a.catalina.core.StandardService - Starting service [Tomcat]
2021-01-12 14:22:24.443 [main] INFO  o.a.catalina.core.StandardEngine - Starting Servlet engine: [Apache Tomcat/9.0.41]
2021-01-12 14:22:24.498 [main] INFO  o.a.c.c.C.[.[localhost].[/blog] - Initializing Spring embedded WebApplicationContext
2021-01-12 14:22:24.499 [main] INFO  o.s.b.w.s.c.ServletWebServerApplicationContext - Root WebApplicationContext: initialization completed in 1331 ms
2021-01-12 14:22:24.628 [main] INFO  o.a.catalina.core.StandardService - Stopping service [Tomcat]
2021-01-12 14:22:24.636 [main] WARN  o.s.b.w.s.c.AnnotationConfigServletWebServerApplicationContext - Exception encountered during context initialization - cancelling refresh attempt: org.springframework.context.ApplicationContextException: Unable to start web server; nested exception is org.springframework.boot.web.server.WebServerException: Unable to start embedded Tomcat
2021-01-12 14:22:24.647 [main] INFO  o.s.b.a.l.ConditionEvaluationReportLoggingListener - 

Error starting ApplicationContext. To display the conditions report re-run your application with 'debug' enabled.
2021-01-12 14:23:59.816 [main] INFO  com.mk.blog.MkBlogApplication - Starting MkBlogApplication using Java 1.8.0_271 on LAPTOP-FRDD7UM6 with PID 10692 (D:\WorkSpace\Idea\blog\mk-blog-web\target\classes started by MK in D:\WorkSpace\Idea\blog)
2021-01-12 14:23:59.818 [main] INFO  com.mk.blog.MkBlogApplication - The following profiles are active: dev
2021-01-12 14:24:00.515 [main] INFO  o.s.d.r.c.RepositoryConfigurationDelegate - Multiple Spring Data modules found, entering strict repository configuration mode!
2021-01-12 14:24:00.517 [main] INFO  o.s.d.r.c.RepositoryConfigurationDelegate - Bootstrapping Spring Data Redis repositories in DEFAULT mode.
2021-01-12 14:24:00.535 [main] INFO  o.s.d.r.c.RepositoryConfigurationDelegate - Finished Spring Data repository scanning in 10 ms. Found 0 Redis repository interfaces.
2021-01-12 14:24:00.820 [main] INFO  o.s.c.s.PostProcessorRegistrationDelegate$BeanPostProcessorChecker - Bean 'com.alibaba.druid.spring.boot.autoconfigure.stat.DruidSpringAopConfiguration' of type [com.alibaba.druid.spring.boot.autoconfigure.stat.DruidSpringAopConfiguration] is not eligible for getting processed by all BeanPostProcessors (for example: not eligible for auto-proxying)
2021-01-12 14:24:00.831 [main] INFO  o.s.c.s.PostProcessorRegistrationDelegate$BeanPostProcessorChecker - Bean 'spring.datasource.druid-com.alibaba.druid.spring.boot.autoconfigure.properties.DruidStatProperties' of type [com.alibaba.druid.spring.boot.autoconfigure.properties.DruidStatProperties] is not eligible for getting processed by all BeanPostProcessors (for example: not eligible for auto-proxying)
2021-01-12 14:24:00.837 [main] INFO  o.s.c.s.PostProcessorRegistrationDelegate$BeanPostProcessorChecker - Bean 'advisor' of type [org.springframework.aop.support.RegexpMethodPointcutAdvisor] is not eligible for getting processed by all BeanPostProcessors (for example: not eligible for auto-proxying)
2021-01-12 14:24:00.852 [main] INFO  o.s.c.s.PostProcessorRegistrationDelegate$BeanPostProcessorChecker - Bean 'org.springframework.security.access.expression.method.DefaultMethodSecurityExpressionHandler@e84fb85' of type [org.springframework.security.access.expression.method.DefaultMethodSecurityExpressionHandler] is not eligible for getting processed by all BeanPostProcessors (for example: not eligible for auto-proxying)
2021-01-12 14:24:00.860 [main] INFO  o.s.c.s.PostProcessorRegistrationDelegate$BeanPostProcessorChecker - Bean 'methodSecurityMetadataSource' of type [org.springframework.security.access.method.DelegatingMethodSecurityMetadataSource] is not eligible for getting processed by all BeanPostProcessors (for example: not eligible for auto-proxying)
2021-01-12 14:24:01.081 [main] INFO  o.s.b.w.e.tomcat.TomcatWebServer - Tomcat initialized with port(s): 8080 (http)
2021-01-12 14:24:01.087 [main] INFO  o.a.coyote.http11.Http11NioProtocol - Initializing ProtocolHandler ["http-nio-8080"]
2021-01-12 14:24:01.088 [main] INFO  o.a.catalina.core.StandardService - Starting service [Tomcat]
2021-01-12 14:24:01.088 [main] INFO  o.a.catalina.core.StandardEngine - Starting Servlet engine: [Apache Tomcat/9.0.41]
2021-01-12 14:24:01.142 [main] INFO  o.a.c.c.C.[.[localhost].[/blog] - Initializing Spring embedded WebApplicationContext
2021-01-12 14:24:01.142 [main] INFO  o.s.b.w.s.c.ServletWebServerApplicationContext - Root WebApplicationContext: initialization completed in 1279 ms
2021-01-12 14:24:01.272 [main] INFO  o.a.catalina.core.StandardService - Stopping service [Tomcat]
2021-01-12 14:24:01.280 [main] WARN  o.s.b.w.s.c.AnnotationConfigServletWebServerApplicationContext - Exception encountered during context initialization - cancelling refresh attempt: org.springframework.context.ApplicationContextException: Unable to start web server; nested exception is org.springframework.boot.web.server.WebServerException: Unable to start embedded Tomcat
2021-01-12 14:24:01.291 [main] INFO  o.s.b.a.l.ConditionEvaluationReportLoggingListener - 

Error starting ApplicationContext. To display the conditions report re-run your application with 'debug' enabled.
2021-01-12 14:26:43.119 [main] INFO  com.mk.blog.MkBlogApplication - Starting MkBlogApplication using Java 1.8.0_271 on LAPTOP-FRDD7UM6 with PID 15380 (D:\WorkSpace\Idea\blog\mk-blog-web\target\classes started by MK in D:\WorkSpace\Idea\blog)
2021-01-12 14:26:43.121 [main] INFO  com.mk.blog.MkBlogApplication - The following profiles are active: dev
2021-01-12 14:26:43.846 [main] INFO  o.s.d.r.c.RepositoryConfigurationDelegate - Multiple Spring Data modules found, entering strict repository configuration mode!
2021-01-12 14:26:43.847 [main] INFO  o.s.d.r.c.RepositoryConfigurationDelegate - Bootstrapping Spring Data Redis repositories in DEFAULT mode.
2021-01-12 14:26:43.865 [main] INFO  o.s.d.r.c.RepositoryConfigurationDelegate - Finished Spring Data repository scanning in 9 ms. Found 0 Redis repository interfaces.
2021-01-12 14:26:44.155 [main] INFO  o.s.c.s.PostProcessorRegistrationDelegate$BeanPostProcessorChecker - Bean 'com.alibaba.druid.spring.boot.autoconfigure.stat.DruidSpringAopConfiguration' of type [com.alibaba.druid.spring.boot.autoconfigure.stat.DruidSpringAopConfiguration] is not eligible for getting processed by all BeanPostProcessors (for example: not eligible for auto-proxying)
2021-01-12 14:26:44.167 [main] INFO  o.s.c.s.PostProcessorRegistrationDelegate$BeanPostProcessorChecker - Bean 'spring.datasource.druid-com.alibaba.druid.spring.boot.autoconfigure.properties.DruidStatProperties' of type [com.alibaba.druid.spring.boot.autoconfigure.properties.DruidStatProperties] is not eligible for getting processed by all BeanPostProcessors (for example: not eligible for auto-proxying)
2021-01-12 14:26:44.173 [main] INFO  o.s.c.s.PostProcessorRegistrationDelegate$BeanPostProcessorChecker - Bean 'advisor' of type [org.springframework.aop.support.RegexpMethodPointcutAdvisor] is not eligible for getting processed by all BeanPostProcessors (for example: not eligible for auto-proxying)
2021-01-12 14:26:44.186 [main] INFO  o.s.c.s.PostProcessorRegistrationDelegate$BeanPostProcessorChecker - Bean 'org.springframework.security.access.expression.method.DefaultMethodSecurityExpressionHandler@6edcad64' of type [org.springframework.security.access.expression.method.DefaultMethodSecurityExpressionHandler] is not eligible for getting processed by all BeanPostProcessors (for example: not eligible for auto-proxying)
2021-01-12 14:26:44.193 [main] INFO  o.s.c.s.PostProcessorRegistrationDelegate$BeanPostProcessorChecker - Bean 'methodSecurityMetadataSource' of type [org.springframework.security.access.method.DelegatingMethodSecurityMetadataSource] is not eligible for getting processed by all BeanPostProcessors (for example: not eligible for auto-proxying)
2021-01-12 14:26:44.415 [main] INFO  o.s.b.w.e.tomcat.TomcatWebServer - Tomcat initialized with port(s): 8080 (http)
2021-01-12 14:26:44.421 [main] INFO  o.a.coyote.http11.Http11NioProtocol - Initializing ProtocolHandler ["http-nio-8080"]
2021-01-12 14:26:44.422 [main] INFO  o.a.catalina.core.StandardService - Starting service [Tomcat]
2021-01-12 14:26:44.422 [main] INFO  o.a.catalina.core.StandardEngine - Starting Servlet engine: [Apache Tomcat/9.0.41]
2021-01-12 14:26:44.480 [main] INFO  o.a.c.c.C.[.[localhost].[/blog] - Initializing Spring embedded WebApplicationContext
2021-01-12 14:26:44.480 [main] INFO  o.s.b.w.s.c.ServletWebServerApplicationContext - Root WebApplicationContext: initialization completed in 1304 ms
2021-01-12 14:26:44.612 [main] INFO  o.a.catalina.core.StandardService - Stopping service [Tomcat]
2021-01-12 14:26:44.620 [main] WARN  o.s.b.w.s.c.AnnotationConfigServletWebServerApplicationContext - Exception encountered during context initialization - cancelling refresh attempt: org.springframework.context.ApplicationContextException: Unable to start web server; nested exception is org.springframework.boot.web.server.WebServerException: Unable to start embedded Tomcat
2021-01-12 14:26:44.631 [main] INFO  o.s.b.a.l.ConditionEvaluationReportLoggingListener - 

Error starting ApplicationContext. To display the conditions report re-run your application with 'debug' enabled.
2021-01-12 14:30:52.873 [main] INFO  com.mk.blog.MkBlogApplication - Starting MkBlogApplication using Java 1.8.0_271 on LAPTOP-FRDD7UM6 with PID 3800 (D:\WorkSpace\Idea\blog\mk-blog-web\target\classes started by MK in D:\WorkSpace\Idea\blog)
2021-01-12 14:30:52.874 [main] INFO  com.mk.blog.MkBlogApplication - The following profiles are active: dev
2021-01-12 14:30:53.668 [main] INFO  o.s.d.r.c.RepositoryConfigurationDelegate - Multiple Spring Data modules found, entering strict repository configuration mode!
2021-01-12 14:30:53.670 [main] INFO  o.s.d.r.c.RepositoryConfigurationDelegate - Bootstrapping Spring Data Redis repositories in DEFAULT mode.
2021-01-12 14:30:53.689 [main] INFO  o.s.d.r.c.RepositoryConfigurationDelegate - Finished Spring Data repository scanning in 10 ms. Found 0 Redis repository interfaces.
2021-01-12 14:30:53.996 [main] INFO  o.s.c.s.PostProcessorRegistrationDelegate$BeanPostProcessorChecker - Bean 'com.alibaba.druid.spring.boot.autoconfigure.stat.DruidSpringAopConfiguration' of type [com.alibaba.druid.spring.boot.autoconfigure.stat.DruidSpringAopConfiguration] is not eligible for getting processed by all BeanPostProcessors (for example: not eligible for auto-proxying)
2021-01-12 14:30:54.009 [main] INFO  o.s.c.s.PostProcessorRegistrationDelegate$BeanPostProcessorChecker - Bean 'spring.datasource.druid-com.alibaba.druid.spring.boot.autoconfigure.properties.DruidStatProperties' of type [com.alibaba.druid.spring.boot.autoconfigure.properties.DruidStatProperties] is not eligible for getting processed by all BeanPostProcessors (for example: not eligible for auto-proxying)
2021-01-12 14:30:54.016 [main] INFO  o.s.c.s.PostProcessorRegistrationDelegate$BeanPostProcessorChecker - Bean 'advisor' of type [org.springframework.aop.support.RegexpMethodPointcutAdvisor] is not eligible for getting processed by all BeanPostProcessors (for example: not eligible for auto-proxying)
2021-01-12 14:30:54.030 [main] INFO  o.s.c.s.PostProcessorRegistrationDelegate$BeanPostProcessorChecker - Bean 'org.springframework.security.access.expression.method.DefaultMethodSecurityExpressionHandler@895416d' of type [org.springframework.security.access.expression.method.DefaultMethodSecurityExpressionHandler] is not eligible for getting processed by all BeanPostProcessors (for example: not eligible for auto-proxying)
2021-01-12 14:30:54.037 [main] INFO  o.s.c.s.PostProcessorRegistrationDelegate$BeanPostProcessorChecker - Bean 'methodSecurityMetadataSource' of type [org.springframework.security.access.method.DelegatingMethodSecurityMetadataSource] is not eligible for getting processed by all BeanPostProcessors (for example: not eligible for auto-proxying)
2021-01-12 14:30:54.283 [main] INFO  o.s.b.w.e.tomcat.TomcatWebServer - Tomcat initialized with port(s): 8080 (http)
2021-01-12 14:30:54.290 [main] INFO  o.a.coyote.http11.Http11NioProtocol - Initializing ProtocolHandler ["http-nio-8080"]
2021-01-12 14:30:54.291 [main] INFO  o.a.catalina.core.StandardService - Starting service [Tomcat]
2021-01-12 14:30:54.291 [main] INFO  o.a.catalina.core.StandardEngine - Starting Servlet engine: [Apache Tomcat/9.0.41]
2021-01-12 14:30:54.347 [main] INFO  o.a.c.c.C.[.[localhost].[/blog] - Initializing Spring embedded WebApplicationContext
2021-01-12 14:30:54.347 [main] INFO  o.s.b.w.s.c.ServletWebServerApplicationContext - Root WebApplicationContext: initialization completed in 1427 ms
2021-01-12 14:30:54.467 [main] INFO  o.a.catalina.core.StandardService - Stopping service [Tomcat]
2021-01-12 14:30:54.475 [main] WARN  o.s.b.w.s.c.AnnotationConfigServletWebServerApplicationContext - Exception encountered during context initialization - cancelling refresh attempt: org.springframework.context.ApplicationContextException: Unable to start web server; nested exception is org.springframework.boot.web.server.WebServerException: Unable to start embedded Tomcat
2021-01-12 14:30:54.485 [main] INFO  o.s.b.a.l.ConditionEvaluationReportLoggingListener - 

Error starting ApplicationContext. To display the conditions report re-run your application with 'debug' enabled.
2021-01-12 14:32:05.220 [main] INFO  com.mk.blog.MkBlogApplication - Starting MkBlogApplication using Java 1.8.0_271 on LAPTOP-FRDD7UM6 with PID 1352 (D:\WorkSpace\Idea\blog\mk-blog-web\target\classes started by MK in D:\WorkSpace\Idea\blog)
2021-01-12 14:32:05.222 [main] INFO  com.mk.blog.MkBlogApplication - The following profiles are active: dev
2021-01-12 14:32:05.929 [main] INFO  o.s.d.r.c.RepositoryConfigurationDelegate - Multiple Spring Data modules found, entering strict repository configuration mode!
2021-01-12 14:32:05.930 [main] INFO  o.s.d.r.c.RepositoryConfigurationDelegate - Bootstrapping Spring Data Redis repositories in DEFAULT mode.
2021-01-12 14:32:05.950 [main] INFO  o.s.d.r.c.RepositoryConfigurationDelegate - Finished Spring Data repository scanning in 10 ms. Found 0 Redis repository interfaces.
2021-01-12 14:32:06.244 [main] INFO  o.s.c.s.PostProcessorRegistrationDelegate$BeanPostProcessorChecker - Bean 'com.alibaba.druid.spring.boot.autoconfigure.stat.DruidSpringAopConfiguration' of type [com.alibaba.druid.spring.boot.autoconfigure.stat.DruidSpringAopConfiguration] is not eligible for getting processed by all BeanPostProcessors (for example: not eligible for auto-proxying)
2021-01-12 14:32:06.257 [main] INFO  o.s.c.s.PostProcessorRegistrationDelegate$BeanPostProcessorChecker - Bean 'spring.datasource.druid-com.alibaba.druid.spring.boot.autoconfigure.properties.DruidStatProperties' of type [com.alibaba.druid.spring.boot.autoconfigure.properties.DruidStatProperties] is not eligible for getting processed by all BeanPostProcessors (for example: not eligible for auto-proxying)
2021-01-12 14:32:06.263 [main] INFO  o.s.c.s.PostProcessorRegistrationDelegate$BeanPostProcessorChecker - Bean 'advisor' of type [org.springframework.aop.support.RegexpMethodPointcutAdvisor] is not eligible for getting processed by all BeanPostProcessors (for example: not eligible for auto-proxying)
2021-01-12 14:32:06.276 [main] INFO  o.s.c.s.PostProcessorRegistrationDelegate$BeanPostProcessorChecker - Bean 'org.springframework.security.access.expression.method.DefaultMethodSecurityExpressionHandler@2f5ac102' of type [org.springframework.security.access.expression.method.DefaultMethodSecurityExpressionHandler] is not eligible for getting processed by all BeanPostProcessors (for example: not eligible for auto-proxying)
2021-01-12 14:32:06.284 [main] INFO  o.s.c.s.PostProcessorRegistrationDelegate$BeanPostProcessorChecker - Bean 'methodSecurityMetadataSource' of type [org.springframework.security.access.method.DelegatingMethodSecurityMetadataSource] is not eligible for getting processed by all BeanPostProcessors (for example: not eligible for auto-proxying)
2021-01-12 14:32:06.516 [main] INFO  o.s.b.w.e.tomcat.TomcatWebServer - Tomcat initialized with port(s): 8080 (http)
2021-01-12 14:32:06.523 [main] INFO  o.a.coyote.http11.Http11NioProtocol - Initializing ProtocolHandler ["http-nio-8080"]
2021-01-12 14:32:06.523 [main] INFO  o.a.catalina.core.StandardService - Starting service [Tomcat]
2021-01-12 14:32:06.523 [main] INFO  o.a.catalina.core.StandardEngine - Starting Servlet engine: [Apache Tomcat/9.0.41]
2021-01-12 14:32:06.578 [main] INFO  o.a.c.c.C.[.[localhost].[/blog] - Initializing Spring embedded WebApplicationContext
2021-01-12 14:32:06.578 [main] INFO  o.s.b.w.s.c.ServletWebServerApplicationContext - Root WebApplicationContext: initialization completed in 1311 ms
2021-01-12 14:32:06.713 [main] INFO  c.a.d.s.b.a.DruidDataSourceAutoConfigure - Init DruidDataSource
2021-01-12 14:32:16.601 [main] INFO  c.alibaba.druid.pool.DruidDataSource - {dataSource-1} inited
2021-01-12 14:32:17.372 [main] INFO  org.redisson.Version - Redisson 3.13.4
2021-01-12 14:32:17.718 [redisson-netty-2-22] INFO  o.r.c.p.MasterPubSubConnectionPool - 1 connections initialized for /127.0.0.1:6379
2021-01-12 14:32:17.728 [redisson-netty-2-19] INFO  o.r.c.pool.MasterConnectionPool - 24 connections initialized for /127.0.0.1:6379
2021-01-12 14:32:18.012 [main] INFO  o.s.s.c.ThreadPoolTaskExecutor - Initializing ExecutorService 'applicationTaskExecutor'
2021-01-12 14:32:19.013 [main] WARN  o.s.b.w.s.c.AnnotationConfigServletWebServerApplicationContext - Exception encountered during context initialization - cancelling refresh attempt: org.springframework.beans.factory.BeanCreationException: Error creating bean with name 'springSecurityFilterChain' defined in class path resource [org/springframework/security/config/annotation/web/configuration/WebSecurityConfiguration.class]: Bean instantiation via factory method failed; nested exception is org.springframework.beans.BeanInstantiationException: Failed to instantiate [javax.servlet.Filter]: Factory method 'springSecurityFilterChain' threw exception; nested exception is java.lang.IllegalArgumentException: '' is not a valid forward URL
2021-01-12 14:32:19.019 [main] INFO  o.s.s.c.ThreadPoolTaskExecutor - Shutting down ExecutorService 'applicationTaskExecutor'
2021-01-12 14:32:19.074 [main] INFO  c.alibaba.druid.pool.DruidDataSource - {dataSource-1} closing ...
2021-01-12 14:32:19.077 [main] INFO  c.alibaba.druid.pool.DruidDataSource - {dataSource-1} closed
2021-01-12 14:32:19.080 [main] INFO  o.a.catalina.core.StandardService - Stopping service [Tomcat]
2021-01-12 14:32:19.093 [main] INFO  o.s.b.a.l.ConditionEvaluationReportLoggingListener - 

Error starting ApplicationContext. To display the conditions report re-run your application with 'debug' enabled.
2021-01-12 14:32:42.389 [main] INFO  com.mk.blog.MkBlogApplication - Starting MkBlogApplication using Java 1.8.0_271 on LAPTOP-FRDD7UM6 with PID 9440 (D:\WorkSpace\Idea\blog\mk-blog-web\target\classes started by MK in D:\WorkSpace\Idea\blog)
2021-01-12 14:32:42.390 [main] INFO  com.mk.blog.MkBlogApplication - The following profiles are active: dev
2021-01-12 14:32:43.087 [main] INFO  o.s.d.r.c.RepositoryConfigurationDelegate - Multiple Spring Data modules found, entering strict repository configuration mode!
2021-01-12 14:32:43.088 [main] INFO  o.s.d.r.c.RepositoryConfigurationDelegate - Bootstrapping Spring Data Redis repositories in DEFAULT mode.
2021-01-12 14:32:43.106 [main] INFO  o.s.d.r.c.RepositoryConfigurationDelegate - Finished Spring Data repository scanning in 10 ms. Found 0 Redis repository interfaces.
2021-01-12 14:32:43.391 [main] INFO  o.s.c.s.PostProcessorRegistrationDelegate$BeanPostProcessorChecker - Bean 'com.alibaba.druid.spring.boot.autoconfigure.stat.DruidSpringAopConfiguration' of type [com.alibaba.druid.spring.boot.autoconfigure.stat.DruidSpringAopConfiguration] is not eligible for getting processed by all BeanPostProcessors (for example: not eligible for auto-proxying)
2021-01-12 14:32:43.404 [main] INFO  o.s.c.s.PostProcessorRegistrationDelegate$BeanPostProcessorChecker - Bean 'spring.datasource.druid-com.alibaba.druid.spring.boot.autoconfigure.properties.DruidStatProperties' of type [com.alibaba.druid.spring.boot.autoconfigure.properties.DruidStatProperties] is not eligible for getting processed by all BeanPostProcessors (for example: not eligible for auto-proxying)
2021-01-12 14:32:43.410 [main] INFO  o.s.c.s.PostProcessorRegistrationDelegate$BeanPostProcessorChecker - Bean 'advisor' of type [org.springframework.aop.support.RegexpMethodPointcutAdvisor] is not eligible for getting processed by all BeanPostProcessors (for example: not eligible for auto-proxying)
2021-01-12 14:32:43.422 [main] INFO  o.s.c.s.PostProcessorRegistrationDelegate$BeanPostProcessorChecker - Bean 'org.springframework.security.access.expression.method.DefaultMethodSecurityExpressionHandler@2f5ac102' of type [org.springframework.security.access.expression.method.DefaultMethodSecurityExpressionHandler] is not eligible for getting processed by all BeanPostProcessors (for example: not eligible for auto-proxying)
2021-01-12 14:32:43.430 [main] INFO  o.s.c.s.PostProcessorRegistrationDelegate$BeanPostProcessorChecker - Bean 'methodSecurityMetadataSource' of type [org.springframework.security.access.method.DelegatingMethodSecurityMetadataSource] is not eligible for getting processed by all BeanPostProcessors (for example: not eligible for auto-proxying)
2021-01-12 14:32:43.652 [main] INFO  o.s.b.w.e.tomcat.TomcatWebServer - Tomcat initialized with port(s): 8080 (http)
2021-01-12 14:32:43.658 [main] INFO  o.a.coyote.http11.Http11NioProtocol - Initializing ProtocolHandler ["http-nio-8080"]
2021-01-12 14:32:43.658 [main] INFO  o.a.catalina.core.StandardService - Starting service [Tomcat]
2021-01-12 14:32:43.658 [main] INFO  o.a.catalina.core.StandardEngine - Starting Servlet engine: [Apache Tomcat/9.0.41]
2021-01-12 14:32:43.712 [main] INFO  o.a.c.c.C.[.[localhost].[/blog] - Initializing Spring embedded WebApplicationContext
2021-01-12 14:32:43.712 [main] INFO  o.s.b.w.s.c.ServletWebServerApplicationContext - Root WebApplicationContext: initialization completed in 1277 ms
2021-01-12 14:32:43.847 [main] INFO  c.a.d.s.b.a.DruidDataSourceAutoConfigure - Init DruidDataSource
2021-01-12 14:32:45.342 [main] INFO  c.alibaba.druid.pool.DruidDataSource - {dataSource-1} inited
2021-01-12 14:32:46.005 [main] INFO  org.redisson.Version - Redisson 3.13.4
2021-01-12 14:32:46.328 [redisson-netty-2-13] INFO  o.r.c.p.MasterPubSubConnectionPool - 1 connections initialized for /127.0.0.1:6379
2021-01-12 14:32:46.337 [redisson-netty-2-19] INFO  o.r.c.pool.MasterConnectionPool - 24 connections initialized for /127.0.0.1:6379
2021-01-12 14:32:46.583 [main] INFO  o.s.s.c.ThreadPoolTaskExecutor - Initializing ExecutorService 'applicationTaskExecutor'
2021-01-12 14:32:47.563 [main] INFO  o.s.s.web.DefaultSecurityFilterChain - Will secure any request with [org.springframework.security.web.context.request.async.WebAsyncManagerIntegrationFilter@41b66d1, org.springframework.security.web.context.SecurityContextPersistenceFilter@77a4bac, org.springframework.security.web.header.HeaderWriterFilter@762cdf46, org.springframework.security.web.csrf.CsrfFilter@4b56b517, org.springframework.security.web.authentication.logout.LogoutFilter@7619fbe7, com.mk.blog.filter.JwtAuthenticationTokenFilter@4776e209, org.springframework.security.web.authentication.UsernamePasswordAuthenticationFilter@35ff072c, org.springframework.security.web.authentication.ui.DefaultLoginPageGeneratingFilter@196d684b, org.springframework.security.web.authentication.ui.DefaultLogoutPageGeneratingFilter@fb2c2f3, org.springframework.security.web.savedrequest.RequestCacheAwareFilter@2f0e7fa8, org.springframework.security.web.servletapi.SecurityContextHolderAwareRequestFilter@4ae2c01b, org.springframework.security.web.authentication.AnonymousAuthenticationFilter@148fca83, org.springframework.security.web.session.SessionManagementFilter@2cff03cf, org.springframework.security.web.access.ExceptionTranslationFilter@e171f93, org.springframework.security.web.access.intercept.FilterSecurityInterceptor@646d58cd]
2021-01-12 14:32:47.591 [main] INFO  o.s.b.a.e.web.EndpointLinksResolver - Exposing 2 endpoint(s) beneath base path '/actuator'
2021-01-12 14:32:47.631 [main] INFO  o.a.coyote.http11.Http11NioProtocol - Starting ProtocolHandler ["http-nio-8080"]
2021-01-12 14:32:47.640 [main] INFO  o.s.b.w.e.tomcat.TomcatWebServer - Tomcat started on port(s): 8080 (http) with context path '/blog'
2021-01-12 14:32:47.652 [main] INFO  com.mk.blog.MkBlogApplication - Started MkBlogApplication in 5.64 seconds (JVM running for 6.082)
2021-01-12 14:32:48.131 [RMI TCP Connection(3)-192.168.0.101] INFO  o.a.c.c.C.[.[localhost].[/blog] - Initializing Spring DispatcherServlet 'dispatcherServlet'
2021-01-12 14:32:48.131 [RMI TCP Connection(3)-192.168.0.101] INFO  o.s.web.servlet.DispatcherServlet - Initializing Servlet 'dispatcherServlet'
2021-01-12 14:32:48.132 [RMI TCP Connection(3)-192.168.0.101] INFO  o.s.web.servlet.DispatcherServlet - Completed initialization in 1 ms
2021-01-12 14:36:39.424 [main] INFO  com.mk.blog.MkBlogApplication - Starting MkBlogApplication using Java 1.8.0_271 on LAPTOP-FRDD7UM6 with PID 14012 (D:\WorkSpace\Idea\blog\mk-blog-web\target\classes started by MK in D:\WorkSpace\Idea\blog)
2021-01-12 14:36:39.426 [main] INFO  com.mk.blog.MkBlogApplication - The following profiles are active: dev
2021-01-12 14:36:40.133 [main] INFO  o.s.d.r.c.RepositoryConfigurationDelegate - Multiple Spring Data modules found, entering strict repository configuration mode!
2021-01-12 14:36:40.135 [main] INFO  o.s.d.r.c.RepositoryConfigurationDelegate - Bootstrapping Spring Data Redis repositories in DEFAULT mode.
2021-01-12 14:36:40.153 [main] INFO  o.s.d.r.c.RepositoryConfigurationDelegate - Finished Spring Data repository scanning in 10 ms. Found 0 Redis repository interfaces.
2021-01-12 14:36:40.437 [main] INFO  o.s.c.s.PostProcessorRegistrationDelegate$BeanPostProcessorChecker - Bean 'com.alibaba.druid.spring.boot.autoconfigure.stat.DruidSpringAopConfiguration' of type [com.alibaba.druid.spring.boot.autoconfigure.stat.DruidSpringAopConfiguration] is not eligible for getting processed by all BeanPostProcessors (for example: not eligible for auto-proxying)
2021-01-12 14:36:40.449 [main] INFO  o.s.c.s.PostProcessorRegistrationDelegate$BeanPostProcessorChecker - Bean 'spring.datasource.druid-com.alibaba.druid.spring.boot.autoconfigure.properties.DruidStatProperties' of type [com.alibaba.druid.spring.boot.autoconfigure.properties.DruidStatProperties] is not eligible for getting processed by all BeanPostProcessors (for example: not eligible for auto-proxying)
2021-01-12 14:36:40.454 [main] INFO  o.s.c.s.PostProcessorRegistrationDelegate$BeanPostProcessorChecker - Bean 'advisor' of type [org.springframework.aop.support.RegexpMethodPointcutAdvisor] is not eligible for getting processed by all BeanPostProcessors (for example: not eligible for auto-proxying)
2021-01-12 14:36:40.468 [main] INFO  o.s.c.s.PostProcessorRegistrationDelegate$BeanPostProcessorChecker - Bean 'org.springframework.security.access.expression.method.DefaultMethodSecurityExpressionHandler@623dcf2a' of type [org.springframework.security.access.expression.method.DefaultMethodSecurityExpressionHandler] is not eligible for getting processed by all BeanPostProcessors (for example: not eligible for auto-proxying)
2021-01-12 14:36:40.475 [main] INFO  o.s.c.s.PostProcessorRegistrationDelegate$BeanPostProcessorChecker - Bean 'methodSecurityMetadataSource' of type [org.springframework.security.access.method.DelegatingMethodSecurityMetadataSource] is not eligible for getting processed by all BeanPostProcessors (for example: not eligible for auto-proxying)
2021-01-12 14:36:40.699 [main] INFO  o.s.b.w.e.tomcat.TomcatWebServer - Tomcat initialized with port(s): 8080 (http)
2021-01-12 14:36:40.705 [main] INFO  o.a.coyote.http11.Http11NioProtocol - Initializing ProtocolHandler ["http-nio-8080"]
2021-01-12 14:36:40.705 [main] INFO  o.a.catalina.core.StandardService - Starting service [Tomcat]
2021-01-12 14:36:40.705 [main] INFO  o.a.catalina.core.StandardEngine - Starting Servlet engine: [Apache Tomcat/9.0.41]
2021-01-12 14:36:40.757 [main] INFO  o.a.c.c.C.[.[localhost].[/blog] - Initializing Spring embedded WebApplicationContext
2021-01-12 14:36:40.757 [main] INFO  o.s.b.w.s.c.ServletWebServerApplicationContext - Root WebApplicationContext: initialization completed in 1288 ms
2021-01-12 14:36:40.892 [main] INFO  c.a.d.s.b.a.DruidDataSourceAutoConfigure - Init DruidDataSource
2021-01-12 14:36:42.583 [main] INFO  c.alibaba.druid.pool.DruidDataSource - {dataSource-1} inited
2021-01-12 14:36:43.252 [main] INFO  org.redisson.Version - Redisson 3.13.4
2021-01-12 14:36:43.576 [redisson-netty-2-18] INFO  o.r.c.p.MasterPubSubConnectionPool - 1 connections initialized for /127.0.0.1:6379
2021-01-12 14:36:43.586 [redisson-netty-2-13] INFO  o.r.c.pool.MasterConnectionPool - 24 connections initialized for /127.0.0.1:6379
2021-01-12 14:36:43.832 [main] INFO  o.s.s.c.ThreadPoolTaskExecutor - Initializing ExecutorService 'applicationTaskExecutor'
2021-01-12 14:36:44.788 [main] INFO  o.s.s.web.DefaultSecurityFilterChain - Will secure any request with [org.springframework.security.web.context.request.async.WebAsyncManagerIntegrationFilter@13f36d75, org.springframework.security.web.context.SecurityContextPersistenceFilter@6eb5b9e7, org.springframework.security.web.header.HeaderWriterFilter@54bc3bcf, org.springframework.security.web.csrf.CsrfFilter@72ec16f8, org.springframework.security.web.authentication.logout.LogoutFilter@2792c28, com.mk.blog.filter.JwtAuthenticationTokenFilter@1c297897, org.springframework.security.web.authentication.UsernamePasswordAuthenticationFilter@5a8b42a3, org.springframework.security.web.authentication.ui.DefaultLoginPageGeneratingFilter@3265995e, org.springframework.security.web.authentication.ui.DefaultLogoutPageGeneratingFilter@6de5ad56, org.springframework.security.web.savedrequest.RequestCacheAwareFilter@27053257, org.springframework.security.web.servletapi.SecurityContextHolderAwareRequestFilter@b8142f4, org.springframework.security.web.authentication.AnonymousAuthenticationFilter@3155f190, org.springframework.security.web.session.SessionManagementFilter@13714753, org.springframework.security.web.access.ExceptionTranslationFilter@6879e983, org.springframework.security.web.access.intercept.FilterSecurityInterceptor@24ac6fef]
2021-01-12 14:36:44.815 [main] INFO  o.s.b.a.e.web.EndpointLinksResolver - Exposing 2 endpoint(s) beneath base path '/actuator'
2021-01-12 14:36:44.854 [main] INFO  o.a.coyote.http11.Http11NioProtocol - Starting ProtocolHandler ["http-nio-8080"]
2021-01-12 14:36:44.862 [main] INFO  o.s.b.w.e.tomcat.TomcatWebServer - Tomcat started on port(s): 8080 (http) with context path '/blog'
2021-01-12 14:36:44.874 [main] INFO  com.mk.blog.MkBlogApplication - Started MkBlogApplication in 5.844 seconds (JVM running for 6.304)
2021-01-12 14:36:44.988 [RMI TCP Connection(1)-192.168.0.101] INFO  o.a.c.c.C.[.[localhost].[/blog] - Initializing Spring DispatcherServlet 'dispatcherServlet'
2021-01-12 14:36:44.988 [RMI TCP Connection(1)-192.168.0.101] INFO  o.s.web.servlet.DispatcherServlet - Initializing Servlet 'dispatcherServlet'
2021-01-12 14:36:44.989 [RMI TCP Connection(1)-192.168.0.101] INFO  o.s.web.servlet.DispatcherServlet - Completed initialization in 1 ms
2021-01-12 14:37:30.210 [main] INFO  com.mk.blog.MkBlogApplication - Starting MkBlogApplication using Java 1.8.0_271 on LAPTOP-FRDD7UM6 with PID 4028 (D:\WorkSpace\Idea\blog\mk-blog-web\target\classes started by MK in D:\WorkSpace\Idea\blog)
2021-01-12 14:37:30.212 [main] INFO  com.mk.blog.MkBlogApplication - The following profiles are active: dev
2021-01-12 14:37:30.990 [main] INFO  o.s.d.r.c.RepositoryConfigurationDelegate - Multiple Spring Data modules found, entering strict repository configuration mode!
2021-01-12 14:37:30.992 [main] INFO  o.s.d.r.c.RepositoryConfigurationDelegate - Bootstrapping Spring Data Redis repositories in DEFAULT mode.
2021-01-12 14:37:31.012 [main] INFO  o.s.d.r.c.RepositoryConfigurationDelegate - Finished Spring Data repository scanning in 10 ms. Found 0 Redis repository interfaces.
2021-01-12 14:37:31.355 [main] INFO  o.s.c.s.PostProcessorRegistrationDelegate$BeanPostProcessorChecker - Bean 'com.alibaba.druid.spring.boot.autoconfigure.stat.DruidSpringAopConfiguration' of type [com.alibaba.druid.spring.boot.autoconfigure.stat.DruidSpringAopConfiguration] is not eligible for getting processed by all BeanPostProcessors (for example: not eligible for auto-proxying)
2021-01-12 14:37:31.369 [main] INFO  o.s.c.s.PostProcessorRegistrationDelegate$BeanPostProcessorChecker - Bean 'spring.datasource.druid-com.alibaba.druid.spring.boot.autoconfigure.properties.DruidStatProperties' of type [com.alibaba.druid.spring.boot.autoconfigure.properties.DruidStatProperties] is not eligible for getting processed by all BeanPostProcessors (for example: not eligible for auto-proxying)
2021-01-12 14:37:31.375 [main] INFO  o.s.c.s.PostProcessorRegistrationDelegate$BeanPostProcessorChecker - Bean 'advisor' of type [org.springframework.aop.support.RegexpMethodPointcutAdvisor] is not eligible for getting processed by all BeanPostProcessors (for example: not eligible for auto-proxying)
2021-01-12 14:37:31.391 [main] INFO  o.s.c.s.PostProcessorRegistrationDelegate$BeanPostProcessorChecker - Bean 'org.springframework.security.access.expression.method.DefaultMethodSecurityExpressionHandler@2d258eff' of type [org.springframework.security.access.expression.method.DefaultMethodSecurityExpressionHandler] is not eligible for getting processed by all BeanPostProcessors (for example: not eligible for auto-proxying)
2021-01-12 14:37:31.399 [main] INFO  o.s.c.s.PostProcessorRegistrationDelegate$BeanPostProcessorChecker - Bean 'methodSecurityMetadataSource' of type [org.springframework.security.access.method.DelegatingMethodSecurityMetadataSource] is not eligible for getting processed by all BeanPostProcessors (for example: not eligible for auto-proxying)
2021-01-12 14:37:31.667 [main] INFO  o.s.b.w.e.tomcat.TomcatWebServer - Tomcat initialized with port(s): 8080 (http)
2021-01-12 14:37:31.674 [main] INFO  o.a.coyote.http11.Http11NioProtocol - Initializing ProtocolHandler ["http-nio-8080"]
2021-01-12 14:37:31.675 [main] INFO  o.a.catalina.core.StandardService - Starting service [Tomcat]
2021-01-12 14:37:31.675 [main] INFO  o.a.catalina.core.StandardEngine - Starting Servlet engine: [Apache Tomcat/9.0.41]
2021-01-12 14:37:31.735 [main] INFO  o.a.c.c.C.[.[localhost].[/blog] - Initializing Spring embedded WebApplicationContext
2021-01-12 14:37:31.735 [main] INFO  o.s.b.w.s.c.ServletWebServerApplicationContext - Root WebApplicationContext: initialization completed in 1480 ms
2021-01-12 14:37:31.933 [main] INFO  c.a.d.s.b.a.DruidDataSourceAutoConfigure - Init DruidDataSource
2021-01-12 14:37:33.602 [main] INFO  c.alibaba.druid.pool.DruidDataSource - {dataSource-1} inited
2021-01-12 14:37:34.399 [main] INFO  org.redisson.Version - Redisson 3.13.4
2021-01-12 14:37:34.784 [redisson-netty-2-13] INFO  o.r.c.p.MasterPubSubConnectionPool - 1 connections initialized for /127.0.0.1:6379
2021-01-12 14:37:34.795 [redisson-netty-2-18] INFO  o.r.c.pool.MasterConnectionPool - 24 connections initialized for /127.0.0.1:6379
2021-01-12 14:37:35.098 [main] INFO  o.s.s.c.ThreadPoolTaskExecutor - Initializing ExecutorService 'applicationTaskExecutor'
2021-01-12 14:37:36.194 [main] INFO  o.s.s.web.DefaultSecurityFilterChain - Will secure any request with [org.springframework.security.web.context.request.async.WebAsyncManagerIntegrationFilter@584f4ca5, org.springframework.security.web.context.SecurityContextPersistenceFilter@2b85edc7, org.springframework.security.web.header.HeaderWriterFilter@1bed61d2, org.springframework.security.web.csrf.CsrfFilter@3555d804, org.springframework.security.web.authentication.logout.LogoutFilter@6905d030, com.mk.blog.filter.JwtAuthenticationTokenFilter@1d444652, org.springframework.security.web.authentication.UsernamePasswordAuthenticationFilter@641ab175, org.springframework.security.web.authentication.ui.DefaultLoginPageGeneratingFilter@65b69ccb, org.springframework.security.web.authentication.ui.DefaultLogoutPageGeneratingFilter@568fd3de, org.springframework.security.web.savedrequest.RequestCacheAwareFilter@b0c4905, org.springframework.security.web.servletapi.SecurityContextHolderAwareRequestFilter@415419a4, org.springframework.security.web.authentication.AnonymousAuthenticationFilter@5bc1903, org.springframework.security.web.session.SessionManagementFilter@47393345, org.springframework.security.web.access.ExceptionTranslationFilter@502b9399, org.springframework.security.web.access.intercept.FilterSecurityInterceptor@460df441]
2021-01-12 14:37:36.229 [main] INFO  o.s.b.a.e.web.EndpointLinksResolver - Exposing 2 endpoint(s) beneath base path '/actuator'
2021-01-12 14:37:36.278 [main] INFO  o.a.coyote.http11.Http11NioProtocol - Starting ProtocolHandler ["http-nio-8080"]
2021-01-12 14:37:36.288 [main] INFO  o.s.b.w.e.tomcat.TomcatWebServer - Tomcat started on port(s): 8080 (http) with context path '/blog'
2021-01-12 14:37:36.301 [main] INFO  com.mk.blog.MkBlogApplication - Started MkBlogApplication in 6.482 seconds (JVM running for 7.676)
2021-01-12 14:37:36.872 [RMI TCP Connection(3)-192.168.0.101] INFO  o.a.c.c.C.[.[localhost].[/blog] - Initializing Spring DispatcherServlet 'dispatcherServlet'
2021-01-12 14:37:36.872 [RMI TCP Connection(3)-192.168.0.101] INFO  o.s.web.servlet.DispatcherServlet - Initializing Servlet 'dispatcherServlet'
2021-01-12 14:37:36.873 [RMI TCP Connection(3)-192.168.0.101] INFO  o.s.web.servlet.DispatcherServlet - Completed initialization in 1 ms
2021-01-12 14:39:13.303 [SpringContextShutdownHook] INFO  o.s.s.c.ThreadPoolTaskExecutor - Shutting down ExecutorService 'applicationTaskExecutor'
2021-01-12 14:39:13.327 [SpringContextShutdownHook] INFO  c.alibaba.druid.pool.DruidDataSource - {dataSource-1} closing ...
2021-01-12 14:39:13.335 [SpringContextShutdownHook] INFO  c.alibaba.druid.pool.DruidDataSource - {dataSource-1} closed
2021-01-12 14:39:16.529 [main] INFO  com.mk.blog.MkBlogApplication - Starting MkBlogApplication using Java 1.8.0_271 on LAPTOP-FRDD7UM6 with PID 13720 (D:\WorkSpace\Idea\blog\mk-blog-web\target\classes started by MK in D:\WorkSpace\Idea\blog)
2021-01-12 14:39:16.532 [main] INFO  com.mk.blog.MkBlogApplication - The following profiles are active: dev
2021-01-12 14:39:17.320 [main] INFO  o.s.d.r.c.RepositoryConfigurationDelegate - Multiple Spring Data modules found, entering strict repository configuration mode!
2021-01-12 14:39:17.322 [main] INFO  o.s.d.r.c.RepositoryConfigurationDelegate - Bootstrapping Spring Data Redis repositories in DEFAULT mode.
2021-01-12 14:39:17.342 [main] INFO  o.s.d.r.c.RepositoryConfigurationDelegate - Finished Spring Data repository scanning in 10 ms. Found 0 Redis repository interfaces.
2021-01-12 14:39:17.679 [main] INFO  o.s.c.s.PostProcessorRegistrationDelegate$BeanPostProcessorChecker - Bean 'com.alibaba.druid.spring.boot.autoconfigure.stat.DruidSpringAopConfiguration' of type [com.alibaba.druid.spring.boot.autoconfigure.stat.DruidSpringAopConfiguration] is not eligible for getting processed by all BeanPostProcessors (for example: not eligible for auto-proxying)
2021-01-12 14:39:17.694 [main] INFO  o.s.c.s.PostProcessorRegistrationDelegate$BeanPostProcessorChecker - Bean 'spring.datasource.druid-com.alibaba.druid.spring.boot.autoconfigure.properties.DruidStatProperties' of type [com.alibaba.druid.spring.boot.autoconfigure.properties.DruidStatProperties] is not eligible for getting processed by all BeanPostProcessors (for example: not eligible for auto-proxying)
2021-01-12 14:39:17.701 [main] INFO  o.s.c.s.PostProcessorRegistrationDelegate$BeanPostProcessorChecker - Bean 'advisor' of type [org.springframework.aop.support.RegexpMethodPointcutAdvisor] is not eligible for getting processed by all BeanPostProcessors (for example: not eligible for auto-proxying)
2021-01-12 14:39:17.716 [main] INFO  o.s.c.s.PostProcessorRegistrationDelegate$BeanPostProcessorChecker - Bean 'org.springframework.security.access.expression.method.DefaultMethodSecurityExpressionHandler@46320c9a' of type [org.springframework.security.access.expression.method.DefaultMethodSecurityExpressionHandler] is not eligible for getting processed by all BeanPostProcessors (for example: not eligible for auto-proxying)
2021-01-12 14:39:17.725 [main] INFO  o.s.c.s.PostProcessorRegistrationDelegate$BeanPostProcessorChecker - Bean 'methodSecurityMetadataSource' of type [org.springframework.security.access.method.DelegatingMethodSecurityMetadataSource] is not eligible for getting processed by all BeanPostProcessors (for example: not eligible for auto-proxying)
2021-01-12 14:39:17.980 [main] INFO  o.s.b.w.e.tomcat.TomcatWebServer - Tomcat initialized with port(s): 8080 (http)
2021-01-12 14:39:17.987 [main] INFO  o.a.coyote.http11.Http11NioProtocol - Initializing ProtocolHandler ["http-nio-8080"]
2021-01-12 14:39:17.987 [main] INFO  o.a.catalina.core.StandardService - Starting service [Tomcat]
2021-01-12 14:39:17.988 [main] INFO  o.a.catalina.core.StandardEngine - Starting Servlet engine: [Apache Tomcat/9.0.41]
2021-01-12 14:39:18.047 [main] INFO  o.a.c.c.C.[.[localhost].[/blog] - Initializing Spring embedded WebApplicationContext
2021-01-12 14:39:18.047 [main] INFO  o.s.b.w.s.c.ServletWebServerApplicationContext - Root WebApplicationContext: initialization completed in 1470 ms
2021-01-12 14:39:18.212 [main] INFO  c.a.d.s.b.a.DruidDataSourceAutoConfigure - Init DruidDataSource
2021-01-12 14:39:19.852 [main] INFO  c.alibaba.druid.pool.DruidDataSource - {dataSource-1} inited
2021-01-12 14:39:20.635 [main] INFO  org.redisson.Version - Redisson 3.13.4
2021-01-12 14:39:20.980 [redisson-netty-2-13] INFO  o.r.c.p.MasterPubSubConnectionPool - 1 connections initialized for /127.0.0.1:6379
2021-01-12 14:39:20.993 [redisson-netty-2-18] INFO  o.r.c.pool.MasterConnectionPool - 24 connections initialized for /127.0.0.1:6379
2021-01-12 14:39:21.282 [main] INFO  o.s.s.c.ThreadPoolTaskExecutor - Initializing ExecutorService 'applicationTaskExecutor'
2021-01-12 14:39:22.406 [main] INFO  o.s.s.web.DefaultSecurityFilterChain - Will secure any request with [org.springframework.security.web.context.request.async.WebAsyncManagerIntegrationFilter@188058fb, org.springframework.security.web.context.SecurityContextPersistenceFilter@347c5721, org.springframework.security.web.header.HeaderWriterFilter@7e1953f7, org.springframework.security.web.csrf.CsrfFilter@43aa767, org.springframework.security.web.authentication.logout.LogoutFilter@20b921be, com.mk.blog.filter.JwtAuthenticationTokenFilter@79c4f23b, org.springframework.security.web.authentication.UsernamePasswordAuthenticationFilter@431923ed, org.springframework.security.web.authentication.ui.DefaultLoginPageGeneratingFilter@e581302, org.springframework.security.web.authentication.ui.DefaultLogoutPageGeneratingFilter@914ab92, org.springframework.security.web.savedrequest.RequestCacheAwareFilter@2178d296, org.springframework.security.web.servletapi.SecurityContextHolderAwareRequestFilter@620f7a39, org.springframework.security.web.authentication.AnonymousAuthenticationFilter@79d3c655, org.springframework.security.web.session.SessionManagementFilter@2b55ea4d, org.springframework.security.web.access.ExceptionTranslationFilter@7603cfc2, org.springframework.security.web.access.intercept.FilterSecurityInterceptor@6e53bb4f]
2021-01-12 14:39:22.441 [main] INFO  o.s.b.a.e.web.EndpointLinksResolver - Exposing 2 endpoint(s) beneath base path '/actuator'
2021-01-12 14:39:22.487 [main] INFO  o.a.coyote.http11.Http11NioProtocol - Starting ProtocolHandler ["http-nio-8080"]
2021-01-12 14:39:22.497 [main] INFO  o.s.b.w.e.tomcat.TomcatWebServer - Tomcat started on port(s): 8080 (http) with context path '/blog'
2021-01-12 14:39:22.510 [main] INFO  com.mk.blog.MkBlogApplication - Started MkBlogApplication in 6.45 seconds (JVM running for 7.033)
2021-01-12 14:39:22.712 [RMI TCP Connection(2)-192.168.0.101] INFO  o.a.c.c.C.[.[localhost].[/blog] - Initializing Spring DispatcherServlet 'dispatcherServlet'
2021-01-12 14:39:22.712 [RMI TCP Connection(2)-192.168.0.101] INFO  o.s.web.servlet.DispatcherServlet - Initializing Servlet 'dispatcherServlet'
2021-01-12 14:39:22.715 [RMI TCP Connection(2)-192.168.0.101] INFO  o.s.web.servlet.DispatcherServlet - Completed initialization in 2 ms
2021-01-12 14:40:40.232 [SpringContextShutdownHook] INFO  o.s.s.c.ThreadPoolTaskExecutor - Shutting down ExecutorService 'applicationTaskExecutor'
2021-01-12 14:40:40.256 [SpringContextShutdownHook] INFO  c.alibaba.druid.pool.DruidDataSource - {dataSource-1} closing ...
2021-01-12 14:40:40.260 [SpringContextShutdownHook] INFO  c.alibaba.druid.pool.DruidDataSource - {dataSource-1} closed
2021-01-12 14:40:43.504 [main] INFO  com.mk.blog.MkBlogApplication - Starting MkBlogApplication using Java 1.8.0_271 on LAPTOP-FRDD7UM6 with PID 10520 (D:\WorkSpace\Idea\blog\mk-blog-web\target\classes started by MK in D:\WorkSpace\Idea\blog)
2021-01-12 14:40:43.506 [main] INFO  com.mk.blog.MkBlogApplication - The following profiles are active: dev
2021-01-12 14:40:44.277 [main] INFO  o.s.d.r.c.RepositoryConfigurationDelegate - Multiple Spring Data modules found, entering strict repository configuration mode!
2021-01-12 14:40:44.279 [main] INFO  o.s.d.r.c.RepositoryConfigurationDelegate - Bootstrapping Spring Data Redis repositories in DEFAULT mode.
2021-01-12 14:40:44.299 [main] INFO  o.s.d.r.c.RepositoryConfigurationDelegate - Finished Spring Data repository scanning in 10 ms. Found 0 Redis repository interfaces.
2021-01-12 14:40:44.636 [main] INFO  o.s.c.s.PostProcessorRegistrationDelegate$BeanPostProcessorChecker - Bean 'com.alibaba.druid.spring.boot.autoconfigure.stat.DruidSpringAopConfiguration' of type [com.alibaba.druid.spring.boot.autoconfigure.stat.DruidSpringAopConfiguration] is not eligible for getting processed by all BeanPostProcessors (for example: not eligible for auto-proxying)
2021-01-12 14:40:44.651 [main] INFO  o.s.c.s.PostProcessorRegistrationDelegate$BeanPostProcessorChecker - Bean 'spring.datasource.druid-com.alibaba.druid.spring.boot.autoconfigure.properties.DruidStatProperties' of type [com.alibaba.druid.spring.boot.autoconfigure.properties.DruidStatProperties] is not eligible for getting processed by all BeanPostProcessors (for example: not eligible for auto-proxying)
2021-01-12 14:40:44.658 [main] INFO  o.s.c.s.PostProcessorRegistrationDelegate$BeanPostProcessorChecker - Bean 'advisor' of type [org.springframework.aop.support.RegexpMethodPointcutAdvisor] is not eligible for getting processed by all BeanPostProcessors (for example: not eligible for auto-proxying)
2021-01-12 14:40:44.674 [main] INFO  o.s.c.s.PostProcessorRegistrationDelegate$BeanPostProcessorChecker - Bean 'org.springframework.security.access.expression.method.DefaultMethodSecurityExpressionHandler@43245559' of type [org.springframework.security.access.expression.method.DefaultMethodSecurityExpressionHandler] is not eligible for getting processed by all BeanPostProcessors (for example: not eligible for auto-proxying)
2021-01-12 14:40:44.683 [main] INFO  o.s.c.s.PostProcessorRegistrationDelegate$BeanPostProcessorChecker - Bean 'methodSecurityMetadataSource' of type [org.springframework.security.access.method.DelegatingMethodSecurityMetadataSource] is not eligible for getting processed by all BeanPostProcessors (for example: not eligible for auto-proxying)
2021-01-12 14:40:44.942 [main] INFO  o.s.b.w.e.tomcat.TomcatWebServer - Tomcat initialized with port(s): 8080 (http)
2021-01-12 14:40:44.949 [main] INFO  o.a.coyote.http11.Http11NioProtocol - Initializing ProtocolHandler ["http-nio-8080"]
2021-01-12 14:40:44.950 [main] INFO  o.a.catalina.core.StandardService - Starting service [Tomcat]
2021-01-12 14:40:44.950 [main] INFO  o.a.catalina.core.StandardEngine - Starting Servlet engine: [Apache Tomcat/9.0.41]
2021-01-12 14:40:45.012 [main] INFO  o.a.c.c.C.[.[localhost].[/blog] - Initializing Spring embedded WebApplicationContext
2021-01-12 14:40:45.012 [main] INFO  o.s.b.w.s.c.ServletWebServerApplicationContext - Root WebApplicationContext: initialization completed in 1465 ms
2021-01-12 14:40:45.190 [main] INFO  c.a.d.s.b.a.DruidDataSourceAutoConfigure - Init DruidDataSource
2021-01-12 14:40:46.816 [main] INFO  c.alibaba.druid.pool.DruidDataSource - {dataSource-1} inited
2021-01-12 14:40:47.722 [main] INFO  org.redisson.Version - Redisson 3.13.4
2021-01-12 14:40:48.082 [redisson-netty-2-23] INFO  o.r.c.p.MasterPubSubConnectionPool - 1 connections initialized for /127.0.0.1:6379
2021-01-12 14:40:48.095 [redisson-netty-2-19] INFO  o.r.c.pool.MasterConnectionPool - 24 connections initialized for /127.0.0.1:6379
2021-01-12 14:40:48.444 [main] INFO  o.s.s.c.ThreadPoolTaskExecutor - Initializing ExecutorService 'applicationTaskExecutor'
2021-01-12 14:40:49.733 [main] INFO  o.s.s.web.DefaultSecurityFilterChain - Will secure any request with [org.springframework.security.web.context.request.async.WebAsyncManagerIntegrationFilter@2fd05b15, org.springframework.security.web.context.SecurityContextPersistenceFilter@6b6e2c83, org.springframework.security.web.header.HeaderWriterFilter@5315210d, org.springframework.security.web.csrf.CsrfFilter@5440a3a, org.springframework.security.web.authentication.logout.LogoutFilter@490704a5, com.mk.blog.filter.JwtAuthenticationTokenFilter@2e85e3f1, org.springframework.security.web.authentication.UsernamePasswordAuthenticationFilter@4d682397, org.springframework.security.web.authentication.ui.DefaultLoginPageGeneratingFilter@4c4be9d8, org.springframework.security.web.authentication.ui.DefaultLogoutPageGeneratingFilter@564fc235, org.springframework.security.web.savedrequest.RequestCacheAwareFilter@79f59e0e, org.springframework.security.web.servletapi.SecurityContextHolderAwareRequestFilter@7097ead6, org.springframework.security.web.authentication.AnonymousAuthenticationFilter@65b7678a, org.springframework.security.web.session.SessionManagementFilter@5dc1597f, org.springframework.security.web.access.ExceptionTranslationFilter@45494046, org.springframework.security.web.access.intercept.FilterSecurityInterceptor@7995a589]
2021-01-12 14:40:49.775 [main] INFO  o.s.b.a.e.web.EndpointLinksResolver - Exposing 2 endpoint(s) beneath base path '/actuator'
2021-01-12 14:40:49.830 [main] INFO  o.a.coyote.http11.Http11NioProtocol - Starting ProtocolHandler ["http-nio-8080"]
2021-01-12 14:40:49.841 [main] INFO  o.s.b.w.e.tomcat.TomcatWebServer - Tomcat started on port(s): 8080 (http) with context path '/blog'
2021-01-12 14:40:49.854 [main] INFO  com.mk.blog.MkBlogApplication - Started MkBlogApplication in 6.804 seconds (JVM running for 7.413)
2021-01-12 14:40:50.071 [RMI TCP Connection(1)-192.168.0.101] INFO  o.a.c.c.C.[.[localhost].[/blog] - Initializing Spring DispatcherServlet 'dispatcherServlet'
2021-01-12 14:40:50.071 [RMI TCP Connection(1)-192.168.0.101] INFO  o.s.web.servlet.DispatcherServlet - Initializing Servlet 'dispatcherServlet'
2021-01-12 14:40:50.073 [RMI TCP Connection(1)-192.168.0.101] INFO  o.s.web.servlet.DispatcherServlet - Completed initialization in 2 ms
2021-01-12 14:41:18.211 [http-nio-8080-exec-10] INFO  o.s.api.AbstractOpenApiResource - Init duration for springdoc-openapi is: 142 ms
2021-01-12 14:41:57.758 [http-nio-8080-exec-2] INFO  com.mk.blog.aspect.LogAspect - 

ip=========>192.168.0.101
===>/blog/article/dd
===>
=====>dd
=======>[]

2021-01-12 14:41:57.790 [http-nio-8080-exec-2] INFO  c.p.p.i.aspect.IdempotentAspect - [idempotent]:has stored key=http://127.0.0.1:8080/blog/article/dd[],value=2021-01-12 14:41:57.769,expireTime=10SECONDS,now=2021-01-12T14:41:57.790
2021-01-12 14:41:57.818 [http-nio-8080-exec-2] DEBUG c.m.b.mapper.ArticleMapper.selectAll - ==>  Preparing: SELECT id, category_id, title, img, content_md, content_html, status, write_time, modify_time, is_prohibit from article
2021-01-12 14:41:57.848 [http-nio-8080-exec-2] DEBUG c.m.b.mapper.ArticleMapper.selectAll - ==> Parameters: 
2021-01-12 14:41:57.922 [http-nio-8080-exec-2] DEBUG c.m.b.mapper.ArticleMapper.selectAll - <==      Total: 5
2021-01-12 14:41:57.928 [http-nio-8080-exec-2] INFO  com.mk.blog.aspect.LogAspect - ==========>170ms<==========

2021-01-12 14:44:20.830 [SpringContextShutdownHook] INFO  o.s.s.c.ThreadPoolTaskExecutor - Shutting down ExecutorService 'applicationTaskExecutor'
2021-01-12 14:44:20.863 [SpringContextShutdownHook] INFO  c.alibaba.druid.pool.DruidDataSource - {dataSource-1} closing ...
2021-01-12 14:44:20.868 [SpringContextShutdownHook] INFO  c.alibaba.druid.pool.DruidDataSource - {dataSource-1} closed
2021-01-12 14:44:24.215 [main] INFO  com.mk.blog.MkBlogApplication - Starting MkBlogApplication using Java 1.8.0_271 on LAPTOP-FRDD7UM6 with PID 1808 (D:\WorkSpace\Idea\blog\mk-blog-web\target\classes started by MK in D:\WorkSpace\Idea\blog)
2021-01-12 14:44:24.217 [main] INFO  com.mk.blog.MkBlogApplication - The following profiles are active: dev
2021-01-12 14:44:25.120 [main] INFO  o.s.d.r.c.RepositoryConfigurationDelegate - Multiple Spring Data modules found, entering strict repository configuration mode!
2021-01-12 14:44:25.122 [main] INFO  o.s.d.r.c.RepositoryConfigurationDelegate - Bootstrapping Spring Data Redis repositories in DEFAULT mode.
2021-01-12 14:44:25.145 [main] INFO  o.s.d.r.c.RepositoryConfigurationDelegate - Finished Spring Data repository scanning in 11 ms. Found 0 Redis repository interfaces.
2021-01-12 14:44:25.507 [main] INFO  o.s.c.s.PostProcessorRegistrationDelegate$BeanPostProcessorChecker - Bean 'com.alibaba.druid.spring.boot.autoconfigure.stat.DruidSpringAopConfiguration' of type [com.alibaba.druid.spring.boot.autoconfigure.stat.DruidSpringAopConfiguration] is not eligible for getting processed by all BeanPostProcessors (for example: not eligible for auto-proxying)
2021-01-12 14:44:25.524 [main] INFO  o.s.c.s.PostProcessorRegistrationDelegate$BeanPostProcessorChecker - Bean 'spring.datasource.druid-com.alibaba.druid.spring.boot.autoconfigure.properties.DruidStatProperties' of type [com.alibaba.druid.spring.boot.autoconfigure.properties.DruidStatProperties] is not eligible for getting processed by all BeanPostProcessors (for example: not eligible for auto-proxying)
2021-01-12 14:44:25.532 [main] INFO  o.s.c.s.PostProcessorRegistrationDelegate$BeanPostProcessorChecker - Bean 'advisor' of type [org.springframework.aop.support.RegexpMethodPointcutAdvisor] is not eligible for getting processed by all BeanPostProcessors (for example: not eligible for auto-proxying)
2021-01-12 14:44:25.550 [main] INFO  o.s.c.s.PostProcessorRegistrationDelegate$BeanPostProcessorChecker - Bean 'org.springframework.security.access.expression.method.DefaultMethodSecurityExpressionHandler@5348d83c' of type [org.springframework.security.access.expression.method.DefaultMethodSecurityExpressionHandler] is not eligible for getting processed by all BeanPostProcessors (for example: not eligible for auto-proxying)
2021-01-12 14:44:25.559 [main] INFO  o.s.c.s.PostProcessorRegistrationDelegate$BeanPostProcessorChecker - Bean 'methodSecurityMetadataSource' of type [org.springframework.security.access.method.DelegatingMethodSecurityMetadataSource] is not eligible for getting processed by all BeanPostProcessors (for example: not eligible for auto-proxying)
2021-01-12 14:44:25.848 [main] INFO  o.s.b.w.e.tomcat.TomcatWebServer - Tomcat initialized with port(s): 8080 (http)
2021-01-12 14:44:25.858 [main] INFO  o.a.coyote.http11.Http11NioProtocol - Initializing ProtocolHandler ["http-nio-8080"]
2021-01-12 14:44:25.858 [main] INFO  o.a.catalina.core.StandardService - Starting service [Tomcat]
2021-01-12 14:44:25.859 [main] INFO  o.a.catalina.core.StandardEngine - Starting Servlet engine: [Apache Tomcat/9.0.41]
2021-01-12 14:44:25.928 [main] INFO  o.a.c.c.C.[.[localhost].[/blog] - Initializing Spring embedded WebApplicationContext
2021-01-12 14:44:25.928 [main] INFO  o.s.b.w.s.c.ServletWebServerApplicationContext - Root WebApplicationContext: initialization completed in 1667 ms
2021-01-12 14:44:26.140 [main] INFO  c.a.d.s.b.a.DruidDataSourceAutoConfigure - Init DruidDataSource
2021-01-12 14:44:27.781 [main] INFO  c.alibaba.druid.pool.DruidDataSource - {dataSource-1} inited
2021-01-12 14:44:28.525 [main] INFO  org.redisson.Version - Redisson 3.13.4
2021-01-12 14:44:28.869 [redisson-netty-2-21] INFO  o.r.c.p.MasterPubSubConnectionPool - 1 connections initialized for /127.0.0.1:6379
2021-01-12 14:44:28.881 [redisson-netty-2-21] INFO  o.r.c.pool.MasterConnectionPool - 24 connections initialized for /127.0.0.1:6379
2021-01-12 14:44:29.167 [main] INFO  o.s.s.c.ThreadPoolTaskExecutor - Initializing ExecutorService 'applicationTaskExecutor'
2021-01-12 14:44:30.227 [main] INFO  o.s.s.web.DefaultSecurityFilterChain - Will secure any request with [org.springframework.security.web.context.request.async.WebAsyncManagerIntegrationFilter@408b2ae2, org.springframework.security.web.context.SecurityContextPersistenceFilter@eea0b48, org.springframework.security.web.header.HeaderWriterFilter@415419a4, org.springframework.security.web.csrf.CsrfFilter@47393345, org.springframework.security.web.authentication.logout.LogoutFilter@3df681cc, com.mk.blog.filter.JwtAuthenticationTokenFilter@1fbd5e0, org.springframework.security.web.authentication.UsernamePasswordAuthenticationFilter@3ba815ee, org.springframework.security.web.authentication.ui.DefaultLoginPageGeneratingFilter@7699e60a, org.springframework.security.web.authentication.ui.DefaultLogoutPageGeneratingFilter@74e1d60b, org.springframework.security.web.savedrequest.RequestCacheAwareFilter@3fe11091, org.springframework.security.web.servletapi.SecurityContextHolderAwareRequestFilter@65b7678a, org.springframework.security.web.authentication.AnonymousAuthenticationFilter@3c29f6be, org.springframework.security.web.session.SessionManagementFilter@4a9f0360, org.springframework.security.web.access.ExceptionTranslationFilter@7d5cbcc9, org.springframework.security.web.access.intercept.FilterSecurityInterceptor@586b78d7]
2021-01-12 14:44:30.261 [main] INFO  o.s.b.a.e.web.EndpointLinksResolver - Exposing 2 endpoint(s) beneath base path '/actuator'
2021-01-12 14:44:30.304 [main] INFO  o.a.coyote.http11.Http11NioProtocol - Starting ProtocolHandler ["http-nio-8080"]
2021-01-12 14:44:30.314 [main] INFO  o.s.b.w.e.tomcat.TomcatWebServer - Tomcat started on port(s): 8080 (http) with context path '/blog'
2021-01-12 14:44:30.326 [main] INFO  com.mk.blog.MkBlogApplication - Started MkBlogApplication in 6.605 seconds (JVM running for 7.238)
2021-01-12 14:44:30.840 [RMI TCP Connection(2)-192.168.0.101] INFO  o.a.c.c.C.[.[localhost].[/blog] - Initializing Spring DispatcherServlet 'dispatcherServlet'
2021-01-12 14:44:30.840 [RMI TCP Connection(2)-192.168.0.101] INFO  o.s.web.servlet.DispatcherServlet - Initializing Servlet 'dispatcherServlet'
2021-01-12 14:44:30.841 [RMI TCP Connection(2)-192.168.0.101] INFO  o.s.web.servlet.DispatcherServlet - Completed initialization in 1 ms
2021-01-12 14:44:35.364 [http-nio-8080-exec-1] INFO  com.mk.blog.aspect.LogAspect - 

ip=========>192.168.0.101
===>/blog/article/dd
===>
=====>dd
=======>[]

2021-01-12 14:44:35.397 [http-nio-8080-exec-1] INFO  c.p.p.i.aspect.IdempotentAspect - [idempotent]:has stored key=http://127.0.0.1:8080/blog/article/dd[],value=2021-01-12 14:44:35.376,expireTime=10SECONDS,now=2021-01-12T14:44:35.397
2021-01-12 14:44:35.424 [http-nio-8080-exec-1] DEBUG c.m.b.mapper.ArticleMapper.selectAll - ==>  Preparing: SELECT id, category_id, title, img, content_md, content_html, status, write_time, modify_time, is_prohibit from article
2021-01-12 14:44:35.461 [http-nio-8080-exec-1] DEBUG c.m.b.mapper.ArticleMapper.selectAll - ==> Parameters: 
2021-01-12 14:44:35.524 [http-nio-8080-exec-1] DEBUG c.m.b.mapper.ArticleMapper.selectAll - <==      Total: 5
2021-01-12 14:44:35.531 [http-nio-8080-exec-1] INFO  com.mk.blog.aspect.LogAspect - ==========>166ms<==========

2021-01-12 14:44:36.738 [http-nio-8080-exec-2] INFO  com.mk.blog.aspect.LogAspect - 

ip=========>192.168.0.101
===>/blog/article/dd
===>
=====>dd
=======>[]

2021-01-12 14:44:36.753 [http-nio-8080-exec-2] INFO  com.mk.blog.aspect.LogAspect - ==========>15ms<==========

2021-01-12 14:44:48.961 [http-nio-8080-exec-3] INFO  com.mk.blog.aspect.LogAspect - 

ip=========>192.168.0.101
===>/blog/article/dd
===>
=====>dd
=======>[]

2021-01-12 14:44:48.967 [http-nio-8080-exec-3] INFO  c.p.p.i.aspect.IdempotentAspect - [idempotent]:has stored key=http://127.0.0.1:8080/blog/article/dd[],value=2021-01-12 14:44:48.961,expireTime=10SECONDS,now=2021-01-12T14:44:48.967
2021-01-12 14:44:48.968 [http-nio-8080-exec-3] DEBUG c.m.b.mapper.ArticleMapper.selectAll - ==>  Preparing: SELECT id, category_id, title, img, content_md, content_html, status, write_time, modify_time, is_prohibit from article
2021-01-12 14:44:48.968 [http-nio-8080-exec-3] DEBUG c.m.b.mapper.ArticleMapper.selectAll - ==> Parameters: 
2021-01-12 14:44:49.012 [http-nio-8080-exec-3] DEBUG c.m.b.mapper.ArticleMapper.selectAll - <==      Total: 5
2021-01-12 14:44:49.014 [http-nio-8080-exec-3] INFO  com.mk.blog.aspect.LogAspect - ==========>53ms<==========

2021-01-12 14:45:22.119 [SpringContextShutdownHook] INFO  o.s.s.c.ThreadPoolTaskExecutor - Shutting down ExecutorService 'applicationTaskExecutor'
2021-01-12 14:45:22.141 [SpringContextShutdownHook] INFO  c.alibaba.druid.pool.DruidDataSource - {dataSource-1} closing ...
2021-01-12 14:45:22.146 [SpringContextShutdownHook] INFO  c.alibaba.druid.pool.DruidDataSource - {dataSource-1} closed
2021-01-12 14:45:25.486 [main] INFO  com.mk.blog.MkBlogApplication - Starting MkBlogApplication using Java 1.8.0_271 on LAPTOP-FRDD7UM6 with PID 6072 (D:\WorkSpace\Idea\blog\mk-blog-web\target\classes started by MK in D:\WorkSpace\Idea\blog)
2021-01-12 14:45:25.488 [main] INFO  com.mk.blog.MkBlogApplication - The following profiles are active: dev
2021-01-12 14:45:26.268 [main] INFO  o.s.d.r.c.RepositoryConfigurationDelegate - Multiple Spring Data modules found, entering strict repository configuration mode!
2021-01-12 14:45:26.270 [main] INFO  o.s.d.r.c.RepositoryConfigurationDelegate - Bootstrapping Spring Data Redis repositories in DEFAULT mode.
2021-01-12 14:45:26.290 [main] INFO  o.s.d.r.c.RepositoryConfigurationDelegate - Finished Spring Data repository scanning in 10 ms. Found 0 Redis repository interfaces.
2021-01-12 14:45:26.629 [main] INFO  o.s.c.s.PostProcessorRegistrationDelegate$BeanPostProcessorChecker - Bean 'com.alibaba.druid.spring.boot.autoconfigure.stat.DruidSpringAopConfiguration' of type [com.alibaba.druid.spring.boot.autoconfigure.stat.DruidSpringAopConfiguration] is not eligible for getting processed by all BeanPostProcessors (for example: not eligible for auto-proxying)
2021-01-12 14:45:26.644 [main] INFO  o.s.c.s.PostProcessorRegistrationDelegate$BeanPostProcessorChecker - Bean 'spring.datasource.druid-com.alibaba.druid.spring.boot.autoconfigure.properties.DruidStatProperties' of type [com.alibaba.druid.spring.boot.autoconfigure.properties.DruidStatProperties] is not eligible for getting processed by all BeanPostProcessors (for example: not eligible for auto-proxying)
2021-01-12 14:45:26.651 [main] INFO  o.s.c.s.PostProcessorRegistrationDelegate$BeanPostProcessorChecker - Bean 'advisor' of type [org.springframework.aop.support.RegexpMethodPointcutAdvisor] is not eligible for getting processed by all BeanPostProcessors (for example: not eligible for auto-proxying)
2021-01-12 14:45:26.667 [main] INFO  o.s.c.s.PostProcessorRegistrationDelegate$BeanPostProcessorChecker - Bean 'org.springframework.security.access.expression.method.DefaultMethodSecurityExpressionHandler@1d7eb170' of type [org.springframework.security.access.expression.method.DefaultMethodSecurityExpressionHandler] is not eligible for getting processed by all BeanPostProcessors (for example: not eligible for auto-proxying)
2021-01-12 14:45:26.675 [main] INFO  o.s.c.s.PostProcessorRegistrationDelegate$BeanPostProcessorChecker - Bean 'methodSecurityMetadataSource' of type [org.springframework.security.access.method.DelegatingMethodSecurityMetadataSource] is not eligible for getting processed by all BeanPostProcessors (for example: not eligible for auto-proxying)
2021-01-12 14:45:26.933 [main] INFO  o.s.b.w.e.tomcat.TomcatWebServer - Tomcat initialized with port(s): 8080 (http)
2021-01-12 14:45:26.940 [main] INFO  o.a.coyote.http11.Http11NioProtocol - Initializing ProtocolHandler ["http-nio-8080"]
2021-01-12 14:45:26.940 [main] INFO  o.a.catalina.core.StandardService - Starting service [Tomcat]
2021-01-12 14:45:26.940 [main] INFO  o.a.catalina.core.StandardEngine - Starting Servlet engine: [Apache Tomcat/9.0.41]
2021-01-12 14:45:27.000 [main] INFO  o.a.c.c.C.[.[localhost].[/blog] - Initializing Spring embedded WebApplicationContext
2021-01-12 14:45:27.000 [main] INFO  o.s.b.w.s.c.ServletWebServerApplicationContext - Root WebApplicationContext: initialization completed in 1471 ms
2021-01-12 14:45:27.167 [main] INFO  c.a.d.s.b.a.DruidDataSourceAutoConfigure - Init DruidDataSource
2021-01-12 14:45:28.808 [main] INFO  c.alibaba.druid.pool.DruidDataSource - {dataSource-1} inited
2021-01-12 14:45:29.575 [main] INFO  org.redisson.Version - Redisson 3.13.4
2021-01-12 14:45:29.902 [redisson-netty-2-13] INFO  o.r.c.p.MasterPubSubConnectionPool - 1 connections initialized for /127.0.0.1:6379
2021-01-12 14:45:29.915 [redisson-netty-2-19] INFO  o.r.c.pool.MasterConnectionPool - 24 connections initialized for /127.0.0.1:6379
2021-01-12 14:45:30.194 [main] INFO  o.s.s.c.ThreadPoolTaskExecutor - Initializing ExecutorService 'applicationTaskExecutor'
2021-01-12 14:45:31.264 [main] INFO  o.s.s.web.DefaultSecurityFilterChain - Will secure any request with [org.springframework.security.web.context.request.async.WebAsyncManagerIntegrationFilter@3ce2c5f6, org.springframework.security.web.context.SecurityContextPersistenceFilter@7d44eab, org.springframework.security.web.header.HeaderWriterFilter@58c80957, org.springframework.security.web.csrf.CsrfFilter@57df93c1, org.springframework.security.web.authentication.logout.LogoutFilter@67d55a46, com.mk.blog.filter.JwtAuthenticationTokenFilter@4f541e67, org.springframework.security.web.authentication.UsernamePasswordAuthenticationFilter@72115c48, org.springframework.security.web.authentication.ui.DefaultLoginPageGeneratingFilter@431923ed, org.springframework.security.web.authentication.ui.DefaultLogoutPageGeneratingFilter@20a3321a, org.springframework.security.web.savedrequest.RequestCacheAwareFilter@1715193f, org.springframework.security.web.servletapi.SecurityContextHolderAwareRequestFilter@20b921be, org.springframework.security.web.authentication.AnonymousAuthenticationFilter@744673f3, org.springframework.security.web.session.SessionManagementFilter@78c5ef58, org.springframework.security.web.access.ExceptionTranslationFilter@61375dff, org.springframework.security.web.access.intercept.FilterSecurityInterceptor@38d895e8]
2021-01-12 14:45:31.297 [main] INFO  o.s.b.a.e.web.EndpointLinksResolver - Exposing 2 endpoint(s) beneath base path '/actuator'
2021-01-12 14:45:31.341 [main] INFO  o.a.coyote.http11.Http11NioProtocol - Starting ProtocolHandler ["http-nio-8080"]
2021-01-12 14:45:31.351 [main] INFO  o.s.b.w.e.tomcat.TomcatWebServer - Tomcat started on port(s): 8080 (http) with context path '/blog'
2021-01-12 14:45:31.364 [main] INFO  com.mk.blog.MkBlogApplication - Started MkBlogApplication in 6.335 seconds (JVM running for 6.976)
2021-01-12 14:45:31.536 [RMI TCP Connection(1)-192.168.0.101] INFO  o.a.c.c.C.[.[localhost].[/blog] - Initializing Spring DispatcherServlet 'dispatcherServlet'
2021-01-12 14:45:31.536 [RMI TCP Connection(1)-192.168.0.101] INFO  o.s.web.servlet.DispatcherServlet - Initializing Servlet 'dispatcherServlet'
2021-01-12 14:45:31.537 [RMI TCP Connection(1)-192.168.0.101] INFO  o.s.web.servlet.DispatcherServlet - Completed initialization in 1 ms
2021-01-12 14:46:35.978 [SpringContextShutdownHook] INFO  o.s.s.c.ThreadPoolTaskExecutor - Shutting down ExecutorService 'applicationTaskExecutor'
2021-01-12 14:46:36.001 [SpringContextShutdownHook] INFO  c.alibaba.druid.pool.DruidDataSource - {dataSource-1} closing ...
2021-01-12 14:46:36.006 [SpringContextShutdownHook] INFO  c.alibaba.druid.pool.DruidDataSource - {dataSource-1} closed
